#! /usr/bin/vvp
:ivl_version "12.0 (stable)";
:ivl_delay_selection "TYPICAL";
:vpi_time_precision + 0;
:vpi_module "/usr/lib/x86_64-linux-gnu/ivl/system.vpi";
:vpi_module "/usr/lib/x86_64-linux-gnu/ivl/vhdl_sys.vpi";
:vpi_module "/usr/lib/x86_64-linux-gnu/ivl/vhdl_textio.vpi";
:vpi_module "/usr/lib/x86_64-linux-gnu/ivl/v2005_math.vpi";
:vpi_module "/usr/lib/x86_64-linux-gnu/ivl/va_math.vpi";
S_0x5619dc5994f0 .scope module, "Memory" "Memory" 2 1;
 .timescale 0 0;
    .port_info 0 /INPUT 1 "clk";
    .port_info 1 /INPUT 32 "aluresult2";
    .port_info 2 /INPUT 32 "read_data2";
    .port_info 3 /OUTPUT 32 "read_dataM";
    .port_info 4 /INPUT 1 "memwrite";
    .port_info 5 /INPUT 1 "memread";
    .port_info 6 /INPUT 12 "immediate";
    .port_info 7 /OUTPUT 32 "mem0";
    .port_info 8 /OUTPUT 32 "mem1";
    .port_info 9 /OUTPUT 32 "mem2";
    .port_info 10 /OUTPUT 32 "mem3";
    .port_info 11 /OUTPUT 32 "mem4";
    .port_info 12 /OUTPUT 32 "mem5";
    .port_info 13 /OUTPUT 32 "mem6";
    .port_info 14 /OUTPUT 32 "mem7";
    .port_info 15 /OUTPUT 32 "mem8";
    .port_info 16 /OUTPUT 32 "mem9";
    .port_info 17 /OUTPUT 32 "mem10";
    .port_info 18 /OUTPUT 32 "mem11";
    .port_info 19 /OUTPUT 32 "mem12";
    .port_info 20 /OUTPUT 32 "mem13";
    .port_info 21 /OUTPUT 32 "mem14";
    .port_info 22 /OUTPUT 32 "mem15";
    .port_info 23 /OUTPUT 32 "mem16";
    .port_info 24 /OUTPUT 32 "mem17";
    .port_info 25 /OUTPUT 32 "mem18";
    .port_info 26 /OUTPUT 32 "mem19";
    .port_info 27 /OUTPUT 32 "mem20";
    .port_info 28 /OUTPUT 32 "mem21";
    .port_info 29 /OUTPUT 32 "mem22";
    .port_info 30 /OUTPUT 32 "mem23";
    .port_info 31 /OUTPUT 32 "mem24";
    .port_info 32 /OUTPUT 32 "mem25";
    .port_info 33 /OUTPUT 32 "mem26";
    .port_info 34 /OUTPUT 32 "mem27";
    .port_info 35 /OUTPUT 32 "mem28";
    .port_info 36 /OUTPUT 32 "mem29";
    .port_info 37 /OUTPUT 32 "mem30";
    .port_info 38 /OUTPUT 32 "mem31";
    .port_info 39 /INPUT 4 "state";
    .port_info 40 /OUTPUT 32 "writedataR";
o0x70a53adcf018 .functor BUFZ 32, C4<zzzzzzzzzzzzzzzzzzzzzzzzzzzzzzzz>; HiZ drive
v0x5619dc5cd870_0 .net "aluresult2", 31 0, o0x70a53adcf018;  0 drivers
o0x70a53adcf048 .functor BUFZ 1, C4<z>; HiZ drive
v0x5619dc601230_0 .net "clk", 0 0, o0x70a53adcf048;  0 drivers
o0x70a53adcf078 .functor BUFZ 12, C4<zzzzzzzzzzzz>; HiZ drive
v0x5619dc6012f0_0 .net "immediate", 11 0, o0x70a53adcf078;  0 drivers
v0x5619dc6013b0_0 .var "mem0", 31 0;
v0x5619dc601490_0 .var "mem1", 31 0;
v0x5619dc6015c0_0 .var "mem10", 31 0;
v0x5619dc6016a0_0 .var "mem11", 31 0;
v0x5619dc601780_0 .var "mem12", 31 0;
v0x5619dc601860_0 .var "mem13", 31 0;
v0x5619dc601940_0 .var "mem14", 31 0;
v0x5619dc601a20_0 .var "mem15", 31 0;
v0x5619dc601b00_0 .var "mem16", 31 0;
v0x5619dc601be0_0 .var "mem17", 31 0;
v0x5619dc601cc0_0 .var "mem18", 31 0;
v0x5619dc601da0_0 .var "mem19", 31 0;
v0x5619dc601e80_0 .var "mem2", 31 0;
v0x5619dc601f60_0 .var "mem20", 31 0;
v0x5619dc602040_0 .var "mem21", 31 0;
v0x5619dc602120_0 .var "mem22", 31 0;
v0x5619dc602200_0 .var "mem23", 31 0;
v0x5619dc6022e0_0 .var "mem24", 31 0;
v0x5619dc6023c0_0 .var "mem25", 31 0;
v0x5619dc6024a0_0 .var "mem26", 31 0;
v0x5619dc602580_0 .var "mem27", 31 0;
v0x5619dc602660_0 .var "mem28", 31 0;
v0x5619dc602740_0 .var "mem29", 31 0;
v0x5619dc602820_0 .var "mem3", 31 0;
v0x5619dc602900_0 .var "mem30", 31 0;
v0x5619dc6029e0_0 .var "mem31", 31 0;
v0x5619dc602ac0_0 .var "mem4", 31 0;
v0x5619dc602ba0_0 .var "mem5", 31 0;
v0x5619dc602c80_0 .var "mem6", 31 0;
v0x5619dc602d60_0 .var "mem7", 31 0;
v0x5619dc603050_0 .var "mem8", 31 0;
v0x5619dc603130_0 .var "mem9", 31 0;
v0x5619dc603210 .array "memory", 31 0, 31 0;
o0x70a53adcf6a8 .functor BUFZ 1, C4<z>; HiZ drive
v0x5619dc6032d0_0 .net "memread", 0 0, o0x70a53adcf6a8;  0 drivers
o0x70a53adcf6d8 .functor BUFZ 1, C4<z>; HiZ drive
v0x5619dc603390_0 .net "memwrite", 0 0, o0x70a53adcf6d8;  0 drivers
o0x70a53adcf708 .functor BUFZ 32, C4<zzzzzzzzzzzzzzzzzzzzzzzzzzzzzzzz>; HiZ drive
v0x5619dc603450_0 .net "read_data2", 31 0, o0x70a53adcf708;  0 drivers
v0x5619dc603530_0 .var "read_dataM", 31 0;
o0x70a53adcf768 .functor BUFZ 4, C4<zzzz>; HiZ drive
v0x5619dc603610_0 .net "state", 3 0, o0x70a53adcf768;  0 drivers
v0x5619dc6036f0_0 .var "writedataR", 31 0;
E_0x5619dc5d5480 .event posedge, v0x5619dc601230_0;
    .scope S_0x5619dc5994f0;
T_0 ;
    %vpi_call 2 19 "$readmemb", "entrada/memoria.bin", v0x5619dc603210 {0 0 0};
    %ix/load 4, 0, 0;
    %flag_set/imm 4, 0;
    %load/vec4a v0x5619dc603210, 4;
    %assign/vec4 v0x5619dc6013b0_0, 0;
    %ix/load 4, 1, 0;
    %flag_set/imm 4, 0;
    %load/vec4a v0x5619dc603210, 4;
    %assign/vec4 v0x5619dc601490_0, 0;
    %ix/load 4, 2, 0;
    %flag_set/imm 4, 0;
    %load/vec4a v0x5619dc603210, 4;
    %assign/vec4 v0x5619dc601e80_0, 0;
    %ix/load 4, 3, 0;
    %flag_set/imm 4, 0;
    %load/vec4a v0x5619dc603210, 4;
    %assign/vec4 v0x5619dc602820_0, 0;
    %ix/load 4, 4, 0;
    %flag_set/imm 4, 0;
    %load/vec4a v0x5619dc603210, 4;
    %assign/vec4 v0x5619dc602ac0_0, 0;
    %ix/load 4, 5, 0;
    %flag_set/imm 4, 0;
    %load/vec4a v0x5619dc603210, 4;
    %assign/vec4 v0x5619dc602ba0_0, 0;
    %ix/load 4, 6, 0;
    %flag_set/imm 4, 0;
    %load/vec4a v0x5619dc603210, 4;
    %assign/vec4 v0x5619dc602c80_0, 0;
    %ix/load 4, 7, 0;
    %flag_set/imm 4, 0;
    %load/vec4a v0x5619dc603210, 4;
    %assign/vec4 v0x5619dc602d60_0, 0;
    %ix/load 4, 8, 0;
    %flag_set/imm 4, 0;
    %load/vec4a v0x5619dc603210, 4;
    %assign/vec4 v0x5619dc603050_0, 0;
    %ix/load 4, 9, 0;
    %flag_set/imm 4, 0;
    %load/vec4a v0x5619dc603210, 4;
    %assign/vec4 v0x5619dc603130_0, 0;
    %ix/load 4, 10, 0;
    %flag_set/imm 4, 0;
    %load/vec4a v0x5619dc603210, 4;
    %assign/vec4 v0x5619dc6015c0_0, 0;
    %ix/load 4, 11, 0;
    %flag_set/imm 4, 0;
    %load/vec4a v0x5619dc603210, 4;
    %assign/vec4 v0x5619dc6016a0_0, 0;
    %ix/load 4, 12, 0;
    %flag_set/imm 4, 0;
    %load/vec4a v0x5619dc603210, 4;
    %assign/vec4 v0x5619dc601780_0, 0;
    %ix/load 4, 13, 0;
    %flag_set/imm 4, 0;
    %load/vec4a v0x5619dc603210, 4;
    %assign/vec4 v0x5619dc601860_0, 0;
    %ix/load 4, 14, 0;
    %flag_set/imm 4, 0;
    %load/vec4a v0x5619dc603210, 4;
    %assign/vec4 v0x5619dc601940_0, 0;
    %ix/load 4, 15, 0;
    %flag_set/imm 4, 0;
    %load/vec4a v0x5619dc603210, 4;
    %assign/vec4 v0x5619dc601a20_0, 0;
    %ix/load 4, 16, 0;
    %flag_set/imm 4, 0;
    %load/vec4a v0x5619dc603210, 4;
    %assign/vec4 v0x5619dc601b00_0, 0;
    %ix/load 4, 17, 0;
    %flag_set/imm 4, 0;
    %load/vec4a v0x5619dc603210, 4;
    %assign/vec4 v0x5619dc601be0_0, 0;
    %ix/load 4, 18, 0;
    %flag_set/imm 4, 0;
    %load/vec4a v0x5619dc603210, 4;
    %assign/vec4 v0x5619dc601cc0_0, 0;
    %ix/load 4, 19, 0;
    %flag_set/imm 4, 0;
    %load/vec4a v0x5619dc603210, 4;
    %assign/vec4 v0x5619dc601da0_0, 0;
    %ix/load 4, 20, 0;
    %flag_set/imm 4, 0;
    %load/vec4a v0x5619dc603210, 4;
    %assign/vec4 v0x5619dc601f60_0, 0;
    %ix/load 4, 21, 0;
    %flag_set/imm 4, 0;
    %load/vec4a v0x5619dc603210, 4;
    %assign/vec4 v0x5619dc602040_0, 0;
    %ix/load 4, 22, 0;
    %flag_set/imm 4, 0;
    %load/vec4a v0x5619dc603210, 4;
    %assign/vec4 v0x5619dc602120_0, 0;
    %ix/load 4, 23, 0;
    %flag_set/imm 4, 0;
    %load/vec4a v0x5619dc603210, 4;
    %assign/vec4 v0x5619dc602200_0, 0;
    %ix/load 4, 24, 0;
    %flag_set/imm 4, 0;
    %load/vec4a v0x5619dc603210, 4;
    %assign/vec4 v0x5619dc6022e0_0, 0;
    %ix/load 4, 25, 0;
    %flag_set/imm 4, 0;
    %load/vec4a v0x5619dc603210, 4;
    %assign/vec4 v0x5619dc6023c0_0, 0;
    %ix/load 4, 26, 0;
    %flag_set/imm 4, 0;
    %load/vec4a v0x5619dc603210, 4;
    %assign/vec4 v0x5619dc6024a0_0, 0;
    %ix/load 4, 27, 0;
    %flag_set/imm 4, 0;
    %load/vec4a v0x5619dc603210, 4;
    %assign/vec4 v0x5619dc602580_0, 0;
    %ix/load 4, 28, 0;
    %flag_set/imm 4, 0;
    %load/vec4a v0x5619dc603210, 4;
    %assign/vec4 v0x5619dc602660_0, 0;
    %ix/load 4, 29, 0;
    %flag_set/imm 4, 0;
    %load/vec4a v0x5619dc603210, 4;
    %assign/vec4 v0x5619dc602740_0, 0;
    %ix/load 4, 30, 0;
    %flag_set/imm 4, 0;
    %load/vec4a v0x5619dc603210, 4;
    %assign/vec4 v0x5619dc602900_0, 0;
    %ix/load 4, 31, 0;
    %flag_set/imm 4, 0;
    %load/vec4a v0x5619dc603210, 4;
    %assign/vec4 v0x5619dc6029e0_0, 0;
    %end;
    .thread T_0;
    .scope S_0x5619dc5994f0;
T_1 ;
    %wait E_0x5619dc5d5480;
    %load/vec4 v0x5619dc603610_0;
    %cmpi/e 3, 0, 4;
    %jmp/1 T_1.3, 4;
    %flag_mov 8, 4;
    %load/vec4 v0x5619dc603610_0;
    %cmpi/e 6, 0, 4;
    %flag_or 4, 8;
T_1.3;
    %jmp/1 T_1.2, 4;
    %flag_mov 8, 4;
    %load/vec4 v0x5619dc603610_0;
    %cmpi/e 7, 0, 4;
    %flag_or 4, 8;
T_1.2;
    %jmp/0xz  T_1.0, 4;
    %load/vec4 v0x5619dc603390_0;
    %cmpi/e 1, 0, 1;
    %jmp/0xz  T_1.4, 4;
    %load/vec4 v0x5619dc603450_0;
    %ix/getv 3, v0x5619dc5cd870_0;
    %ix/load 4, 0, 0; Constant delay
    %assign/vec4/a/d v0x5619dc603210, 0, 4;
T_1.4 ;
    %load/vec4 v0x5619dc6032d0_0;
    %cmpi/e 1, 0, 1;
    %jmp/0xz  T_1.6, 4;
    %ix/getv 4, v0x5619dc5cd870_0;
    %load/vec4a v0x5619dc603210, 4;
    %assign/vec4 v0x5619dc603530_0, 0;
T_1.6 ;
    %load/vec4 v0x5619dc5cd870_0;
    %assign/vec4 v0x5619dc6036f0_0, 0;
    %ix/load 4, 0, 0;
    %flag_set/imm 4, 0;
    %load/vec4a v0x5619dc603210, 4;
    %assign/vec4 v0x5619dc6013b0_0, 0;
    %ix/load 4, 1, 0;
    %flag_set/imm 4, 0;
    %load/vec4a v0x5619dc603210, 4;
    %assign/vec4 v0x5619dc601490_0, 0;
    %ix/load 4, 2, 0;
    %flag_set/imm 4, 0;
    %load/vec4a v0x5619dc603210, 4;
    %assign/vec4 v0x5619dc601e80_0, 0;
    %ix/load 4, 3, 0;
    %flag_set/imm 4, 0;
    %load/vec4a v0x5619dc603210, 4;
    %assign/vec4 v0x5619dc602820_0, 0;
    %ix/load 4, 4, 0;
    %flag_set/imm 4, 0;
    %load/vec4a v0x5619dc603210, 4;
    %assign/vec4 v0x5619dc602ac0_0, 0;
    %ix/load 4, 5, 0;
    %flag_set/imm 4, 0;
    %load/vec4a v0x5619dc603210, 4;
    %assign/vec4 v0x5619dc602ba0_0, 0;
    %ix/load 4, 6, 0;
    %flag_set/imm 4, 0;
    %load/vec4a v0x5619dc603210, 4;
    %assign/vec4 v0x5619dc602c80_0, 0;
    %ix/load 4, 7, 0;
    %flag_set/imm 4, 0;
    %load/vec4a v0x5619dc603210, 4;
    %assign/vec4 v0x5619dc602d60_0, 0;
    %ix/load 4, 8, 0;
    %flag_set/imm 4, 0;
    %load/vec4a v0x5619dc603210, 4;
    %assign/vec4 v0x5619dc603050_0, 0;
    %ix/load 4, 9, 0;
    %flag_set/imm 4, 0;
    %load/vec4a v0x5619dc603210, 4;
    %assign/vec4 v0x5619dc603130_0, 0;
    %ix/load 4, 10, 0;
    %flag_set/imm 4, 0;
    %load/vec4a v0x5619dc603210, 4;
    %assign/vec4 v0x5619dc6015c0_0, 0;
    %ix/load 4, 11, 0;
    %flag_set/imm 4, 0;
    %load/vec4a v0x5619dc603210, 4;
    %assign/vec4 v0x5619dc6016a0_0, 0;
    %ix/load 4, 12, 0;
    %flag_set/imm 4, 0;
    %load/vec4a v0x5619dc603210, 4;
    %assign/vec4 v0x5619dc601780_0, 0;
    %ix/load 4, 13, 0;
    %flag_set/imm 4, 0;
    %load/vec4a v0x5619dc603210, 4;
    %assign/vec4 v0x5619dc601860_0, 0;
    %ix/load 4, 14, 0;
    %flag_set/imm 4, 0;
    %load/vec4a v0x5619dc603210, 4;
    %assign/vec4 v0x5619dc601940_0, 0;
    %ix/load 4, 15, 0;
    %flag_set/imm 4, 0;
    %load/vec4a v0x5619dc603210, 4;
    %assign/vec4 v0x5619dc601a20_0, 0;
    %ix/load 4, 16, 0;
    %flag_set/imm 4, 0;
    %load/vec4a v0x5619dc603210, 4;
    %assign/vec4 v0x5619dc601b00_0, 0;
    %ix/load 4, 17, 0;
    %flag_set/imm 4, 0;
    %load/vec4a v0x5619dc603210, 4;
    %assign/vec4 v0x5619dc601be0_0, 0;
    %ix/load 4, 18, 0;
    %flag_set/imm 4, 0;
    %load/vec4a v0x5619dc603210, 4;
    %assign/vec4 v0x5619dc601cc0_0, 0;
    %ix/load 4, 19, 0;
    %flag_set/imm 4, 0;
    %load/vec4a v0x5619dc603210, 4;
    %assign/vec4 v0x5619dc601da0_0, 0;
    %ix/load 4, 20, 0;
    %flag_set/imm 4, 0;
    %load/vec4a v0x5619dc603210, 4;
    %assign/vec4 v0x5619dc601f60_0, 0;
    %ix/load 4, 21, 0;
    %flag_set/imm 4, 0;
    %load/vec4a v0x5619dc603210, 4;
    %assign/vec4 v0x5619dc602040_0, 0;
    %ix/load 4, 22, 0;
    %flag_set/imm 4, 0;
    %load/vec4a v0x5619dc603210, 4;
    %assign/vec4 v0x5619dc602120_0, 0;
    %ix/load 4, 23, 0;
    %flag_set/imm 4, 0;
    %load/vec4a v0x5619dc603210, 4;
    %assign/vec4 v0x5619dc602200_0, 0;
    %ix/load 4, 24, 0;
    %flag_set/imm 4, 0;
    %load/vec4a v0x5619dc603210, 4;
    %assign/vec4 v0x5619dc6022e0_0, 0;
    %ix/load 4, 25, 0;
    %flag_set/imm 4, 0;
    %load/vec4a v0x5619dc603210, 4;
    %assign/vec4 v0x5619dc6023c0_0, 0;
    %ix/load 4, 26, 0;
    %flag_set/imm 4, 0;
    %load/vec4a v0x5619dc603210, 4;
    %assign/vec4 v0x5619dc6024a0_0, 0;
    %ix/load 4, 27, 0;
    %flag_set/imm 4, 0;
    %load/vec4a v0x5619dc603210, 4;
    %assign/vec4 v0x5619dc602580_0, 0;
    %ix/load 4, 28, 0;
    %flag_set/imm 4, 0;
    %load/vec4a v0x5619dc603210, 4;
    %assign/vec4 v0x5619dc602660_0, 0;
    %ix/load 4, 29, 0;
    %flag_set/imm 4, 0;
    %load/vec4a v0x5619dc603210, 4;
    %assign/vec4 v0x5619dc602740_0, 0;
    %ix/load 4, 30, 0;
    %flag_set/imm 4, 0;
    %load/vec4a v0x5619dc603210, 4;
    %assign/vec4 v0x5619dc602900_0, 0;
    %ix/load 4, 31, 0;
    %flag_set/imm 4, 0;
    %load/vec4a v0x5619dc603210, 4;
    %assign/vec4 v0x5619dc6029e0_0, 0;
T_1.0 ;
    %jmp T_1;
    .thread T_1;
# The file index is used to find the file name in the following table.
:file_names 3;
    "N/A";
    "<interactive>";
    "Memory.v";
