#! /usr/bin/vvp
:ivl_version "12.0 (stable)";
:ivl_delay_selection "TYPICAL";
:vpi_time_precision + 0;
:vpi_module "/usr/lib/x86_64-linux-gnu/ivl/system.vpi";
:vpi_module "/usr/lib/x86_64-linux-gnu/ivl/vhdl_sys.vpi";
:vpi_module "/usr/lib/x86_64-linux-gnu/ivl/vhdl_textio.vpi";
:vpi_module "/usr/lib/x86_64-linux-gnu/ivl/v2005_math.vpi";
:vpi_module "/usr/lib/x86_64-linux-gnu/ivl/va_math.vpi";
S_0x567e87ec31c0 .scope module, "caminho_tb" "caminho_tb" 2 3;
 .timescale 0 0;
v0x567e87f75fd0_0 .var "clk_tb", 0 0;
v0x567e87f76090_0 .net "mem0", 31 0, v0x567e87f68cf0_0;  1 drivers
v0x567e87f761a0_0 .net "mem1", 31 0, v0x567e87f68db0_0;  1 drivers
v0x567e87f76290_0 .net "mem10", 31 0, v0x567e87f68e90_0;  1 drivers
v0x567e87f763a0_0 .net "mem11", 31 0, v0x567e87f68f70_0;  1 drivers
v0x567e87f76500_0 .net "mem12", 31 0, v0x567e87f69050_0;  1 drivers
v0x567e87f76610_0 .net "mem13", 31 0, v0x567e87f69130_0;  1 drivers
v0x567e87f76720_0 .net "mem14", 31 0, v0x567e87f69210_0;  1 drivers
v0x567e87f76830_0 .net "mem15", 31 0, v0x567e87f692f0_0;  1 drivers
v0x567e87f768f0_0 .net "mem16", 31 0, v0x567e87f693d0_0;  1 drivers
v0x567e87f76a00_0 .net "mem17", 31 0, v0x567e87f694b0_0;  1 drivers
v0x567e87f76b10_0 .net "mem18", 31 0, v0x567e87f69590_0;  1 drivers
v0x567e87f76c20_0 .net "mem19", 31 0, v0x567e87f69670_0;  1 drivers
v0x567e87f76d30_0 .net "mem2", 31 0, v0x567e87f69750_0;  1 drivers
v0x567e87f76e40_0 .net "mem20", 31 0, v0x567e87f69830_0;  1 drivers
v0x567e87f76f50_0 .net "mem21", 31 0, v0x567e87f69910_0;  1 drivers
v0x567e87f77060_0 .net "mem22", 31 0, v0x567e87f699f0_0;  1 drivers
v0x567e87f77280_0 .net "mem23", 31 0, v0x567e87f69ad0_0;  1 drivers
v0x567e87f77390_0 .net "mem24", 31 0, v0x567e87f69bb0_0;  1 drivers
v0x567e87f774a0_0 .net "mem25", 31 0, v0x567e87f69c90_0;  1 drivers
v0x567e87f775b0_0 .net "mem26", 31 0, v0x567e87f69d70_0;  1 drivers
v0x567e87f776c0_0 .net "mem27", 31 0, v0x567e87f69e50_0;  1 drivers
v0x567e87f777d0_0 .net "mem28", 31 0, v0x567e87f69f30_0;  1 drivers
v0x567e87f778e0_0 .net "mem29", 31 0, v0x567e87f6a010_0;  1 drivers
v0x567e87f779f0_0 .net "mem3", 31 0, v0x567e87f6a0f0_0;  1 drivers
v0x567e87f77b00_0 .net "mem30", 31 0, v0x567e87f6a1d0_0;  1 drivers
v0x567e87f77c10_0 .net "mem31", 31 0, v0x567e87f6a2b0_0;  1 drivers
v0x567e87f77d20_0 .net "mem4", 31 0, v0x567e87f6a390_0;  1 drivers
v0x567e87f77e30_0 .net "mem5", 31 0, v0x567e87f6a470_0;  1 drivers
v0x567e87f77f40_0 .net "mem6", 31 0, v0x567e87f6a550_0;  1 drivers
v0x567e87f78050_0 .net "mem7", 31 0, v0x567e87f6a630_0;  1 drivers
v0x567e87f78160_0 .net "mem8", 31 0, v0x567e87f6a710_0;  1 drivers
v0x567e87f78270_0 .net "mem9", 31 0, v0x567e87f6a7f0_0;  1 drivers
v0x567e87f78380_0 .net "reg0", 31 0, v0x567e87f6ce50_0;  1 drivers
v0x567e87f78490_0 .net "reg1", 31 0, v0x567e87f6cf10_0;  1 drivers
v0x567e87f785a0_0 .net "reg10", 31 0, v0x567e87f6cff0_0;  1 drivers
v0x567e87f786b0_0 .net "reg11", 31 0, v0x567e87f6d0d0_0;  1 drivers
v0x567e87f787c0_0 .net "reg12", 31 0, v0x567e87f6d1b0_0;  1 drivers
v0x567e87f788d0_0 .net "reg13", 31 0, v0x567e87f6d290_0;  1 drivers
v0x567e87f789e0_0 .net "reg14", 31 0, v0x567e87f6d370_0;  1 drivers
v0x567e87f78af0_0 .net "reg15", 31 0, v0x567e87f6d450_0;  1 drivers
v0x567e87f78c00_0 .net "reg16", 31 0, v0x567e87f6d530_0;  1 drivers
v0x567e87f78d10_0 .net "reg17", 31 0, v0x567e87f6d610_0;  1 drivers
v0x567e87f78e20_0 .net "reg18", 31 0, v0x567e87f6d6f0_0;  1 drivers
v0x567e87f78f30_0 .net "reg19", 31 0, v0x567e87f6d7d0_0;  1 drivers
v0x567e87f79040_0 .net "reg2", 31 0, v0x567e87f6d8b0_0;  1 drivers
v0x567e87f79150_0 .net "reg20", 31 0, v0x567e87f6d990_0;  1 drivers
v0x567e87f79260_0 .net "reg21", 31 0, v0x567e87f6da70_0;  1 drivers
v0x567e87f79370_0 .net "reg22", 31 0, v0x567e87f6db50_0;  1 drivers
v0x567e87f79480_0 .net "reg23", 31 0, v0x567e87f6dc30_0;  1 drivers
v0x567e87f79590_0 .net "reg24", 31 0, v0x567e87f6dd10_0;  1 drivers
v0x567e87f796a0_0 .net "reg25", 31 0, v0x567e87f6ddf0_0;  1 drivers
v0x567e87f797b0_0 .net "reg26", 31 0, v0x567e87f6ded0_0;  1 drivers
v0x567e87f798c0_0 .net "reg27", 31 0, v0x567e87f6dfb0_0;  1 drivers
v0x567e87f799d0_0 .net "reg28", 31 0, v0x567e87f6e090_0;  1 drivers
v0x567e87f79ae0_0 .net "reg29", 31 0, v0x567e87f6e170_0;  1 drivers
v0x567e87f79bf0_0 .net "reg3", 31 0, v0x567e87f6e250_0;  1 drivers
v0x567e87f79d00_0 .net "reg30", 31 0, v0x567e87f6e330_0;  1 drivers
v0x567e87f79e10_0 .net "reg31", 31 0, v0x567e87f6e410_0;  1 drivers
v0x567e87f79f20_0 .net "reg4", 31 0, v0x567e87f6e4f0_0;  1 drivers
v0x567e87f7a030_0 .net "reg5", 31 0, v0x567e87f6e5d0_0;  1 drivers
v0x567e87f7a140_0 .net "reg6", 31 0, v0x567e87f6e6b0_0;  1 drivers
v0x567e87f7a250_0 .net "reg7", 31 0, v0x567e87f6e790_0;  1 drivers
v0x567e87f7a360_0 .net "reg8", 31 0, v0x567e87f6e870_0;  1 drivers
v0x567e87f7a470_0 .net "reg9", 31 0, v0x567e87f6e950_0;  1 drivers
v0x567e87f7a920_0 .var "rst_tb", 0 0;
S_0x567e87ec3350 .scope module, "main" "main" 2 13, 3 13 0, S_0x567e87ec31c0;
 .timescale 0 0;
    .port_info 0 /INPUT 1 "clk";
    .port_info 1 /INPUT 1 "rst";
    .port_info 2 /OUTPUT 32 "reg0";
    .port_info 3 /OUTPUT 32 "reg1";
    .port_info 4 /OUTPUT 32 "reg2";
    .port_info 5 /OUTPUT 32 "reg3";
    .port_info 6 /OUTPUT 32 "reg4";
    .port_info 7 /OUTPUT 32 "reg5";
    .port_info 8 /OUTPUT 32 "reg6";
    .port_info 9 /OUTPUT 32 "reg7";
    .port_info 10 /OUTPUT 32 "reg8";
    .port_info 11 /OUTPUT 32 "reg9";
    .port_info 12 /OUTPUT 32 "reg10";
    .port_info 13 /OUTPUT 32 "reg11";
    .port_info 14 /OUTPUT 32 "reg12";
    .port_info 15 /OUTPUT 32 "reg13";
    .port_info 16 /OUTPUT 32 "reg14";
    .port_info 17 /OUTPUT 32 "reg15";
    .port_info 18 /OUTPUT 32 "reg16";
    .port_info 19 /OUTPUT 32 "reg17";
    .port_info 20 /OUTPUT 32 "reg18";
    .port_info 21 /OUTPUT 32 "reg19";
    .port_info 22 /OUTPUT 32 "reg20";
    .port_info 23 /OUTPUT 32 "reg21";
    .port_info 24 /OUTPUT 32 "reg22";
    .port_info 25 /OUTPUT 32 "reg23";
    .port_info 26 /OUTPUT 32 "reg24";
    .port_info 27 /OUTPUT 32 "reg25";
    .port_info 28 /OUTPUT 32 "reg26";
    .port_info 29 /OUTPUT 32 "reg27";
    .port_info 30 /OUTPUT 32 "reg28";
    .port_info 31 /OUTPUT 32 "reg29";
    .port_info 32 /OUTPUT 32 "reg30";
    .port_info 33 /OUTPUT 32 "reg31";
    .port_info 34 /OUTPUT 32 "mem0";
    .port_info 35 /OUTPUT 32 "mem1";
    .port_info 36 /OUTPUT 32 "mem2";
    .port_info 37 /OUTPUT 32 "mem3";
    .port_info 38 /OUTPUT 32 "mem4";
    .port_info 39 /OUTPUT 32 "mem5";
    .port_info 40 /OUTPUT 32 "mem6";
    .port_info 41 /OUTPUT 32 "mem7";
    .port_info 42 /OUTPUT 32 "mem8";
    .port_info 43 /OUTPUT 32 "mem9";
    .port_info 44 /OUTPUT 32 "mem10";
    .port_info 45 /OUTPUT 32 "mem11";
    .port_info 46 /OUTPUT 32 "mem12";
    .port_info 47 /OUTPUT 32 "mem13";
    .port_info 48 /OUTPUT 32 "mem14";
    .port_info 49 /OUTPUT 32 "mem15";
    .port_info 50 /OUTPUT 32 "mem16";
    .port_info 51 /OUTPUT 32 "mem17";
    .port_info 52 /OUTPUT 32 "mem18";
    .port_info 53 /OUTPUT 32 "mem19";
    .port_info 54 /OUTPUT 32 "mem20";
    .port_info 55 /OUTPUT 32 "mem21";
    .port_info 56 /OUTPUT 32 "mem22";
    .port_info 57 /OUTPUT 32 "mem23";
    .port_info 58 /OUTPUT 32 "mem24";
    .port_info 59 /OUTPUT 32 "mem25";
    .port_info 60 /OUTPUT 32 "mem26";
    .port_info 61 /OUTPUT 32 "mem27";
    .port_info 62 /OUTPUT 32 "mem28";
    .port_info 63 /OUTPUT 32 "mem29";
    .port_info 64 /OUTPUT 32 "mem30";
    .port_info 65 /OUTPUT 32 "mem31";
P_0x567e87e66f00 .param/l "AUX1" 0 3 76, C4<0101>;
P_0x567e87e66f40 .param/l "AUX2" 0 3 77, C4<1111>;
P_0x567e87e66f80 .param/l "AUX3" 0 3 80, C4<0110>;
P_0x567e87e66fc0 .param/l "AUX4" 0 3 81, C4<0111>;
P_0x567e87e67000 .param/l "EX" 0 3 75, C4<0010>;
P_0x567e87e67040 .param/l "FIM" 0 3 83, C4<1001>;
P_0x567e87e67080 .param/l "ID" 0 3 74, C4<0001>;
P_0x567e87e670c0 .param/l "IF" 0 3 73, C4<0000>;
P_0x567e87e67100 .param/l "MEM" 0 3 78, C4<0011>;
P_0x567e87e67140 .param/l "SUMPC" 0 3 82, C4<1000>;
P_0x567e87e67180 .param/l "WB" 0 3 79, C4<0100>;
v0x567e87f70490_0 .net "PC", 31 0, v0x567e87f6f530_0;  1 drivers
v0x567e87f705c0_0 .net "alucontrol", 3 0, v0x567e87f661f0_0;  1 drivers
v0x567e87f706d0_0 .net "aluresult1", 0 0, v0x567e87f2d410_0;  1 drivers
v0x567e87f70770_0 .net "aluresult2", 31 0, v0x567e87f11410_0;  1 drivers
v0x567e87f70860_0 .net "alusrc", 0 0, v0x567e87f66370_0;  1 drivers
v0x567e87f709a0_0 .net "branch", 0 0, v0x567e87f66410_0;  1 drivers
v0x567e87f70a90_0 .net "clk", 0 0, v0x567e87f75fd0_0;  1 drivers
v0x567e87f70b30_0 .var "estado", 3 0;
v0x567e87f70bd0_0 .net "funct3", 2 0, v0x567e87f671d0_0;  1 drivers
v0x567e87f70c90_0 .net "funct7", 6 0, v0x567e87f67270_0;  1 drivers
v0x567e87f70d50_0 .net "imediato", 11 0, v0x567e87f67340_0;  1 drivers
v0x567e87f70ea0_0 .net "instrucao", 31 0, v0x567e87f6bae0_0;  1 drivers
v0x567e87f70f60_0 .net "is_lb", 0 0, v0x567e87f6fed0_0;  1 drivers
v0x567e87f71050_0 .net "is_sb", 0 0, v0x567e87f6ff90_0;  1 drivers
v0x567e87f71140_0 .net "ler_dados1", 31 0, L_0x567e87e5b070;  1 drivers
v0x567e87f71250_0 .net "ler_dados2", 31 0, L_0x567e87e67f90;  1 drivers
v0x567e87f71310_0 .net "mem0", 31 0, v0x567e87f68cf0_0;  alias, 1 drivers
v0x567e87f713d0_0 .net "mem1", 31 0, v0x567e87f68db0_0;  alias, 1 drivers
v0x567e87f71470_0 .net "mem10", 31 0, v0x567e87f68e90_0;  alias, 1 drivers
v0x567e87f71510_0 .net "mem11", 31 0, v0x567e87f68f70_0;  alias, 1 drivers
v0x567e87f715b0_0 .net "mem12", 31 0, v0x567e87f69050_0;  alias, 1 drivers
v0x567e87f71650_0 .net "mem13", 31 0, v0x567e87f69130_0;  alias, 1 drivers
v0x567e87f716f0_0 .net "mem14", 31 0, v0x567e87f69210_0;  alias, 1 drivers
v0x567e87f71790_0 .net "mem15", 31 0, v0x567e87f692f0_0;  alias, 1 drivers
v0x567e87f71830_0 .net "mem16", 31 0, v0x567e87f693d0_0;  alias, 1 drivers
v0x567e87f718d0_0 .net "mem17", 31 0, v0x567e87f694b0_0;  alias, 1 drivers
v0x567e87f71970_0 .net "mem18", 31 0, v0x567e87f69590_0;  alias, 1 drivers
v0x567e87f71a10_0 .net "mem19", 31 0, v0x567e87f69670_0;  alias, 1 drivers
v0x567e87f71ae0_0 .net "mem2", 31 0, v0x567e87f69750_0;  alias, 1 drivers
v0x567e87f71bb0_0 .net "mem20", 31 0, v0x567e87f69830_0;  alias, 1 drivers
v0x567e87f71c80_0 .net "mem21", 31 0, v0x567e87f69910_0;  alias, 1 drivers
v0x567e87f71d50_0 .net "mem22", 31 0, v0x567e87f699f0_0;  alias, 1 drivers
v0x567e87f71e20_0 .net "mem23", 31 0, v0x567e87f69ad0_0;  alias, 1 drivers
v0x567e87f72100_0 .net "mem24", 31 0, v0x567e87f69bb0_0;  alias, 1 drivers
v0x567e87f721d0_0 .net "mem25", 31 0, v0x567e87f69c90_0;  alias, 1 drivers
v0x567e87f722a0_0 .net "mem26", 31 0, v0x567e87f69d70_0;  alias, 1 drivers
v0x567e87f72370_0 .net "mem27", 31 0, v0x567e87f69e50_0;  alias, 1 drivers
v0x567e87f72440_0 .net "mem28", 31 0, v0x567e87f69f30_0;  alias, 1 drivers
v0x567e87f72510_0 .net "mem29", 31 0, v0x567e87f6a010_0;  alias, 1 drivers
v0x567e87f725e0_0 .net "mem3", 31 0, v0x567e87f6a0f0_0;  alias, 1 drivers
v0x567e87f726b0_0 .net "mem30", 31 0, v0x567e87f6a1d0_0;  alias, 1 drivers
v0x567e87f72780_0 .net "mem31", 31 0, v0x567e87f6a2b0_0;  alias, 1 drivers
v0x567e87f72850_0 .net "mem4", 31 0, v0x567e87f6a390_0;  alias, 1 drivers
v0x567e87f72920_0 .net "mem5", 31 0, v0x567e87f6a470_0;  alias, 1 drivers
v0x567e87f729f0_0 .net "mem6", 31 0, v0x567e87f6a550_0;  alias, 1 drivers
v0x567e87f72ac0_0 .net "mem7", 31 0, v0x567e87f6a630_0;  alias, 1 drivers
v0x567e87f72b90_0 .net "mem8", 31 0, v0x567e87f6a710_0;  alias, 1 drivers
v0x567e87f72c60_0 .net "mem9", 31 0, v0x567e87f6a7f0_0;  alias, 1 drivers
RS_0x7345820a6528 .resolv tri, v0x567e87f66780_0, v0x567e87f70060_0;
v0x567e87f72d30_0 .net8 "memread", 0 0, RS_0x7345820a6528;  2 drivers
v0x567e87f72dd0_0 .net "memtoreg", 0 0, v0x567e87f66840_0;  1 drivers
RS_0x7345820a6588 .resolv tri, v0x567e87f66900_0, v0x567e87f70150_0;
v0x567e87f72ec0_0 .net8 "memwrite", 0 0, RS_0x7345820a6588;  2 drivers
v0x567e87f72f60_0 .net "negativo", 0 0, v0x567e87f674f0_0;  1 drivers
v0x567e87f73000_0 .net "opcode", 6 0, v0x567e87f675c0_0;  1 drivers
v0x567e87f730f0_0 .net "pcsrc", 0 0, L_0x567e87e99f80;  1 drivers
v0x567e87f731e0_0 .net "rd", 4 0, v0x567e87f67680_0;  1 drivers
v0x567e87f732f0_0 .net "reddataM", 31 0, v0x567e87f6af00_0;  1 drivers
v0x567e87f73400_0 .net "reg0", 31 0, v0x567e87f6ce50_0;  alias, 1 drivers
v0x567e87f734c0_0 .net "reg1", 31 0, v0x567e87f6cf10_0;  alias, 1 drivers
v0x567e87f73560_0 .net "reg10", 31 0, v0x567e87f6cff0_0;  alias, 1 drivers
v0x567e87f73600_0 .net "reg11", 31 0, v0x567e87f6d0d0_0;  alias, 1 drivers
v0x567e87f736a0_0 .net "reg12", 31 0, v0x567e87f6d1b0_0;  alias, 1 drivers
v0x567e87f73740_0 .net "reg13", 31 0, v0x567e87f6d290_0;  alias, 1 drivers
v0x567e87f73810_0 .net "reg14", 31 0, v0x567e87f6d370_0;  alias, 1 drivers
v0x567e87f738e0_0 .net "reg15", 31 0, v0x567e87f6d450_0;  alias, 1 drivers
v0x567e87f739b0_0 .net "reg16", 31 0, v0x567e87f6d530_0;  alias, 1 drivers
v0x567e87f73e90_0 .net "reg17", 31 0, v0x567e87f6d610_0;  alias, 1 drivers
v0x567e87f73f60_0 .net "reg18", 31 0, v0x567e87f6d6f0_0;  alias, 1 drivers
v0x567e87f74030_0 .net "reg19", 31 0, v0x567e87f6d7d0_0;  alias, 1 drivers
v0x567e87f74100_0 .net "reg2", 31 0, v0x567e87f6d8b0_0;  alias, 1 drivers
v0x567e87f741d0_0 .net "reg20", 31 0, v0x567e87f6d990_0;  alias, 1 drivers
v0x567e87f742a0_0 .net "reg21", 31 0, v0x567e87f6da70_0;  alias, 1 drivers
v0x567e87f74370_0 .net "reg22", 31 0, v0x567e87f6db50_0;  alias, 1 drivers
v0x567e87f74440_0 .net "reg23", 31 0, v0x567e87f6dc30_0;  alias, 1 drivers
v0x567e87f74510_0 .net "reg24", 31 0, v0x567e87f6dd10_0;  alias, 1 drivers
v0x567e87f745e0_0 .net "reg25", 31 0, v0x567e87f6ddf0_0;  alias, 1 drivers
v0x567e87f746b0_0 .net "reg26", 31 0, v0x567e87f6ded0_0;  alias, 1 drivers
v0x567e87f74780_0 .net "reg27", 31 0, v0x567e87f6dfb0_0;  alias, 1 drivers
v0x567e87f74850_0 .net "reg28", 31 0, v0x567e87f6e090_0;  alias, 1 drivers
v0x567e87f74920_0 .net "reg29", 31 0, v0x567e87f6e170_0;  alias, 1 drivers
v0x567e87f749f0_0 .net "reg3", 31 0, v0x567e87f6e250_0;  alias, 1 drivers
v0x567e87f74ac0_0 .net "reg30", 31 0, v0x567e87f6e330_0;  alias, 1 drivers
v0x567e87f74b90_0 .net "reg31", 31 0, v0x567e87f6e410_0;  alias, 1 drivers
v0x567e87f74c60_0 .net "reg4", 31 0, v0x567e87f6e4f0_0;  alias, 1 drivers
v0x567e87f74d30_0 .net "reg5", 31 0, v0x567e87f6e5d0_0;  alias, 1 drivers
v0x567e87f74e00_0 .net "reg6", 31 0, v0x567e87f6e6b0_0;  alias, 1 drivers
v0x567e87f74ed0_0 .net "reg7", 31 0, v0x567e87f6e790_0;  alias, 1 drivers
v0x567e87f74fa0_0 .net "reg8", 31 0, v0x567e87f6e870_0;  alias, 1 drivers
v0x567e87f75070_0 .net "reg9", 31 0, v0x567e87f6e950_0;  alias, 1 drivers
v0x567e87f75140_0 .net "regiwrite", 0 0, v0x567e87f669c0_0;  1 drivers
v0x567e87f75230_0 .net "regwrite", 0 0, v0x567e87f70330_0;  1 drivers
v0x567e87f752d0_0 .net "rs1", 4 0, v0x567e87f677f0_0;  1 drivers
v0x567e87f753c0_0 .net "rs2", 4 0, v0x567e87f678d0_0;  1 drivers
v0x567e87f754b0_0 .net "rst", 0 0, v0x567e87f7a920_0;  1 drivers
v0x567e87f75570_0 .net "tipo", 2 0, v0x567e87f679b0_0;  1 drivers
v0x567e87f75680_0 .net "writedataR", 31 0, v0x567e87f6afa0_0;  1 drivers
E_0x567e87e9aa70 .event posedge, v0x567e87f754b0_0, v0x567e87f20e10_0;
S_0x567e87e59fa0 .scope module, "Alu" "Alu" 3 117, 4 1 0, S_0x567e87ec3350;
 .timescale 0 0;
    .port_info 0 /INPUT 1 "clk";
    .port_info 1 /INPUT 32 "ler_dados1";
    .port_info 2 /INPUT 32 "ler_dados2";
    .port_info 3 /INPUT 1 "alusrc";
    .port_info 4 /INPUT 4 "alucontrol";
    .port_info 5 /INPUT 12 "imediato";
    .port_info 6 /OUTPUT 1 "aluresult1";
    .port_info 7 /OUTPUT 32 "aluresult2";
    .port_info 8 /OUTPUT 1 "pcsrc";
    .port_info 9 /INPUT 1 "branch";
    .port_info 10 /INPUT 4 "estado";
    .port_info 11 /INPUT 1 "negativo";
L_0x567e87e99f80 .functor AND 1, v0x567e87f2d410_0, v0x567e87f66410_0, C4<1>, C4<1>;
v0x567e87f101a0_0 .net "alucontrol", 3 0, v0x567e87f661f0_0;  alias, 1 drivers
v0x567e87f2d410_0 .var "aluresult1", 0 0;
v0x567e87f11410_0 .var "aluresult2", 31 0;
v0x567e87f421b0_0 .net "alusrc", 0 0, v0x567e87f66370_0;  alias, 1 drivers
v0x567e87f16870_0 .net "branch", 0 0, v0x567e87f66410_0;  alias, 1 drivers
v0x567e87f20e10_0 .net "clk", 0 0, v0x567e87f75fd0_0;  alias, 1 drivers
v0x567e87f65890_0 .net "estado", 3 0, v0x567e87f70b30_0;  1 drivers
v0x567e87f65970_0 .net "imediato", 11 0, v0x567e87f67340_0;  alias, 1 drivers
v0x567e87f65a50_0 .net "ler_dados1", 31 0, L_0x567e87e5b070;  alias, 1 drivers
v0x567e87f65b30_0 .net "ler_dados2", 31 0, L_0x567e87e67f90;  alias, 1 drivers
v0x567e87f65c10_0 .net "negativo", 0 0, v0x567e87f674f0_0;  alias, 1 drivers
v0x567e87f65cd0_0 .net "pcsrc", 0 0, L_0x567e87e99f80;  alias, 1 drivers
E_0x567e87e9b3e0 .event posedge, v0x567e87f20e10_0;
S_0x567e87f65f10 .scope module, "Control_signis" "Control_signis" 3 105, 5 1 0, S_0x567e87ec3350;
 .timescale 0 0;
    .port_info 0 /INPUT 3 "tipo";
    .port_info 1 /OUTPUT 1 "regiwrite";
    .port_info 2 /OUTPUT 1 "memwrite";
    .port_info 3 /OUTPUT 1 "memread";
    .port_info 4 /OUTPUT 4 "alucontrol";
    .port_info 5 /INPUT 3 "funct3";
    .port_info 6 /INPUT 1 "clk";
    .port_info 7 /OUTPUT 1 "branch";
    .port_info 8 /OUTPUT 1 "memtoreg";
    .port_info 9 /OUTPUT 1 "alusrc";
    .port_info 10 /INPUT 7 "funct7";
    .port_info 11 /INPUT 4 "estado";
v0x567e87f661f0_0 .var "alucontrol", 3 0;
v0x567e87f662b0_0 .var "aluop", 1 0;
v0x567e87f66370_0 .var "alusrc", 0 0;
v0x567e87f66410_0 .var "branch", 0 0;
v0x567e87f664b0_0 .net "clk", 0 0, v0x567e87f75fd0_0;  alias, 1 drivers
v0x567e87f665a0_0 .net "estado", 3 0, v0x567e87f70b30_0;  alias, 1 drivers
v0x567e87f66640_0 .net "funct3", 2 0, v0x567e87f671d0_0;  alias, 1 drivers
v0x567e87f666e0_0 .net "funct7", 6 0, v0x567e87f67270_0;  alias, 1 drivers
v0x567e87f66780_0 .var "memread", 0 0;
v0x567e87f66840_0 .var "memtoreg", 0 0;
v0x567e87f66900_0 .var "memwrite", 0 0;
v0x567e87f669c0_0 .var "regiwrite", 0 0;
v0x567e87f66a80_0 .net "tipo", 2 0, v0x567e87f679b0_0;  alias, 1 drivers
S_0x567e87f66ce0 .scope module, "Decoding" "Decoding" 3 101, 6 1 0, S_0x567e87ec3350;
 .timescale 0 0;
    .port_info 0 /INPUT 32 "instrucao";
    .port_info 1 /OUTPUT 7 "opcode";
    .port_info 2 /OUTPUT 5 "rd";
    .port_info 3 /OUTPUT 5 "rs1";
    .port_info 4 /OUTPUT 5 "rs2";
    .port_info 5 /OUTPUT 3 "funct3";
    .port_info 6 /OUTPUT 7 "funct7";
    .port_info 7 /OUTPUT 12 "imediato";
    .port_info 8 /OUTPUT 3 "tipo";
    .port_info 9 /INPUT 1 "clk";
    .port_info 10 /INPUT 4 "estado";
    .port_info 11 /OUTPUT 1 "negativo";
v0x567e87f66fd0_0 .net "clk", 0 0, v0x567e87f75fd0_0;  alias, 1 drivers
v0x567e87f670c0_0 .net "estado", 3 0, v0x567e87f70b30_0;  alias, 1 drivers
v0x567e87f671d0_0 .var "funct3", 2 0;
v0x567e87f67270_0 .var "funct7", 6 0;
v0x567e87f67340_0 .var "imediato", 11 0;
v0x567e87f67430_0 .net "instrucao", 31 0, v0x567e87f6bae0_0;  alias, 1 drivers
v0x567e87f674f0_0 .var "negativo", 0 0;
v0x567e87f675c0_0 .var "opcode", 6 0;
v0x567e87f67680_0 .var "rd", 4 0;
v0x567e87f677f0_0 .var "rs1", 4 0;
v0x567e87f678d0_0 .var "rs2", 4 0;
v0x567e87f679b0_0 .var "tipo", 2 0;
S_0x567e87f67c00 .scope module, "Memory" "Memory" 3 121, 7 1 0, S_0x567e87ec3350;
 .timescale 0 0;
    .port_info 0 /INPUT 1 "clk";
    .port_info 1 /INPUT 4 "estado";
    .port_info 2 /INPUT 32 "aluresult2";
    .port_info 3 /INPUT 32 "ler_dados2";
    .port_info 4 /INPUT 1 "memwrite";
    .port_info 5 /INPUT 1 "memread";
    .port_info 6 /INPUT 12 "imediato";
    .port_info 7 /INPUT 1 "is_lb";
    .port_info 8 /INPUT 1 "is_sb";
    .port_info 9 /OUTPUT 32 "reddataM";
    .port_info 10 /OUTPUT 32 "writedataR";
    .port_info 11 /OUTPUT 32 "mem0";
    .port_info 12 /OUTPUT 32 "mem1";
    .port_info 13 /OUTPUT 32 "mem2";
    .port_info 14 /OUTPUT 32 "mem3";
    .port_info 15 /OUTPUT 32 "mem4";
    .port_info 16 /OUTPUT 32 "mem5";
    .port_info 17 /OUTPUT 32 "mem6";
    .port_info 18 /OUTPUT 32 "mem7";
    .port_info 19 /OUTPUT 32 "mem8";
    .port_info 20 /OUTPUT 32 "mem9";
    .port_info 21 /OUTPUT 32 "mem10";
    .port_info 22 /OUTPUT 32 "mem11";
    .port_info 23 /OUTPUT 32 "mem12";
    .port_info 24 /OUTPUT 32 "mem13";
    .port_info 25 /OUTPUT 32 "mem14";
    .port_info 26 /OUTPUT 32 "mem15";
    .port_info 27 /OUTPUT 32 "mem16";
    .port_info 28 /OUTPUT 32 "mem17";
    .port_info 29 /OUTPUT 32 "mem18";
    .port_info 30 /OUTPUT 32 "mem19";
    .port_info 31 /OUTPUT 32 "mem20";
    .port_info 32 /OUTPUT 32 "mem21";
    .port_info 33 /OUTPUT 32 "mem22";
    .port_info 34 /OUTPUT 32 "mem23";
    .port_info 35 /OUTPUT 32 "mem24";
    .port_info 36 /OUTPUT 32 "mem25";
    .port_info 37 /OUTPUT 32 "mem26";
    .port_info 38 /OUTPUT 32 "mem27";
    .port_info 39 /OUTPUT 32 "mem28";
    .port_info 40 /OUTPUT 32 "mem29";
    .port_info 41 /OUTPUT 32 "mem30";
    .port_info 42 /OUTPUT 32 "mem31";
v0x567e87f682e0_0 .net "addr_byte", 1 0, L_0x567e87f7aec0;  1 drivers
v0x567e87f683e0_0 .net "addr_word", 4 0, L_0x567e87f7ae20;  1 drivers
v0x567e87f684c0_0 .net "aluresult2", 31 0, v0x567e87f11410_0;  alias, 1 drivers
v0x567e87f685c0_0 .var "byte_data", 7 0;
v0x567e87f68680_0 .net "clk", 0 0, v0x567e87f75fd0_0;  alias, 1 drivers
v0x567e87f68770_0 .net "estado", 3 0, v0x567e87f70b30_0;  alias, 1 drivers
v0x567e87f68830_0 .net "imediato", 11 0, v0x567e87f67340_0;  alias, 1 drivers
v0x567e87f68940_0 .net "is_lb", 0 0, v0x567e87f6fed0_0;  alias, 1 drivers
v0x567e87f68a00_0 .net "is_sb", 0 0, v0x567e87f6ff90_0;  alias, 1 drivers
v0x567e87f68b50_0 .var "lb_data", 31 0;
v0x567e87f68c30_0 .net "ler_dados2", 31 0, L_0x567e87e67f90;  alias, 1 drivers
v0x567e87f68cf0_0 .var "mem0", 31 0;
v0x567e87f68db0_0 .var "mem1", 31 0;
v0x567e87f68e90_0 .var "mem10", 31 0;
v0x567e87f68f70_0 .var "mem11", 31 0;
v0x567e87f69050_0 .var "mem12", 31 0;
v0x567e87f69130_0 .var "mem13", 31 0;
v0x567e87f69210_0 .var "mem14", 31 0;
v0x567e87f692f0_0 .var "mem15", 31 0;
v0x567e87f693d0_0 .var "mem16", 31 0;
v0x567e87f694b0_0 .var "mem17", 31 0;
v0x567e87f69590_0 .var "mem18", 31 0;
v0x567e87f69670_0 .var "mem19", 31 0;
v0x567e87f69750_0 .var "mem2", 31 0;
v0x567e87f69830_0 .var "mem20", 31 0;
v0x567e87f69910_0 .var "mem21", 31 0;
v0x567e87f699f0_0 .var "mem22", 31 0;
v0x567e87f69ad0_0 .var "mem23", 31 0;
v0x567e87f69bb0_0 .var "mem24", 31 0;
v0x567e87f69c90_0 .var "mem25", 31 0;
v0x567e87f69d70_0 .var "mem26", 31 0;
v0x567e87f69e50_0 .var "mem27", 31 0;
v0x567e87f69f30_0 .var "mem28", 31 0;
v0x567e87f6a010_0 .var "mem29", 31 0;
v0x567e87f6a0f0_0 .var "mem3", 31 0;
v0x567e87f6a1d0_0 .var "mem30", 31 0;
v0x567e87f6a2b0_0 .var "mem31", 31 0;
v0x567e87f6a390_0 .var "mem4", 31 0;
v0x567e87f6a470_0 .var "mem5", 31 0;
v0x567e87f6a550_0 .var "mem6", 31 0;
v0x567e87f6a630_0 .var "mem7", 31 0;
v0x567e87f6a710_0 .var "mem8", 31 0;
v0x567e87f6a7f0_0 .var "mem9", 31 0;
v0x567e87f6a8d0 .array "memoria", 31 0, 31 0;
v0x567e87f6ad90_0 .net8 "memread", 0 0, RS_0x7345820a6528;  alias, 2 drivers
v0x567e87f6ae30_0 .net8 "memwrite", 0 0, RS_0x7345820a6588;  alias, 2 drivers
v0x567e87f6af00_0 .var "reddataM", 31 0;
v0x567e87f6afa0_0 .var "writedataR", 31 0;
v0x567e87f6a8d0_0 .array/port v0x567e87f6a8d0, 0;
v0x567e87f6a8d0_1 .array/port v0x567e87f6a8d0, 1;
E_0x567e87e9b9d0/0 .event anyedge, v0x567e87f682e0_0, v0x567e87f683e0_0, v0x567e87f6a8d0_0, v0x567e87f6a8d0_1;
v0x567e87f6a8d0_2 .array/port v0x567e87f6a8d0, 2;
v0x567e87f6a8d0_3 .array/port v0x567e87f6a8d0, 3;
v0x567e87f6a8d0_4 .array/port v0x567e87f6a8d0, 4;
v0x567e87f6a8d0_5 .array/port v0x567e87f6a8d0, 5;
E_0x567e87e9b9d0/1 .event anyedge, v0x567e87f6a8d0_2, v0x567e87f6a8d0_3, v0x567e87f6a8d0_4, v0x567e87f6a8d0_5;
v0x567e87f6a8d0_6 .array/port v0x567e87f6a8d0, 6;
v0x567e87f6a8d0_7 .array/port v0x567e87f6a8d0, 7;
v0x567e87f6a8d0_8 .array/port v0x567e87f6a8d0, 8;
v0x567e87f6a8d0_9 .array/port v0x567e87f6a8d0, 9;
E_0x567e87e9b9d0/2 .event anyedge, v0x567e87f6a8d0_6, v0x567e87f6a8d0_7, v0x567e87f6a8d0_8, v0x567e87f6a8d0_9;
v0x567e87f6a8d0_10 .array/port v0x567e87f6a8d0, 10;
v0x567e87f6a8d0_11 .array/port v0x567e87f6a8d0, 11;
v0x567e87f6a8d0_12 .array/port v0x567e87f6a8d0, 12;
v0x567e87f6a8d0_13 .array/port v0x567e87f6a8d0, 13;
E_0x567e87e9b9d0/3 .event anyedge, v0x567e87f6a8d0_10, v0x567e87f6a8d0_11, v0x567e87f6a8d0_12, v0x567e87f6a8d0_13;
v0x567e87f6a8d0_14 .array/port v0x567e87f6a8d0, 14;
v0x567e87f6a8d0_15 .array/port v0x567e87f6a8d0, 15;
v0x567e87f6a8d0_16 .array/port v0x567e87f6a8d0, 16;
v0x567e87f6a8d0_17 .array/port v0x567e87f6a8d0, 17;
E_0x567e87e9b9d0/4 .event anyedge, v0x567e87f6a8d0_14, v0x567e87f6a8d0_15, v0x567e87f6a8d0_16, v0x567e87f6a8d0_17;
v0x567e87f6a8d0_18 .array/port v0x567e87f6a8d0, 18;
v0x567e87f6a8d0_19 .array/port v0x567e87f6a8d0, 19;
v0x567e87f6a8d0_20 .array/port v0x567e87f6a8d0, 20;
v0x567e87f6a8d0_21 .array/port v0x567e87f6a8d0, 21;
E_0x567e87e9b9d0/5 .event anyedge, v0x567e87f6a8d0_18, v0x567e87f6a8d0_19, v0x567e87f6a8d0_20, v0x567e87f6a8d0_21;
v0x567e87f6a8d0_22 .array/port v0x567e87f6a8d0, 22;
v0x567e87f6a8d0_23 .array/port v0x567e87f6a8d0, 23;
v0x567e87f6a8d0_24 .array/port v0x567e87f6a8d0, 24;
v0x567e87f6a8d0_25 .array/port v0x567e87f6a8d0, 25;
E_0x567e87e9b9d0/6 .event anyedge, v0x567e87f6a8d0_22, v0x567e87f6a8d0_23, v0x567e87f6a8d0_24, v0x567e87f6a8d0_25;
v0x567e87f6a8d0_26 .array/port v0x567e87f6a8d0, 26;
v0x567e87f6a8d0_27 .array/port v0x567e87f6a8d0, 27;
v0x567e87f6a8d0_28 .array/port v0x567e87f6a8d0, 28;
v0x567e87f6a8d0_29 .array/port v0x567e87f6a8d0, 29;
E_0x567e87e9b9d0/7 .event anyedge, v0x567e87f6a8d0_26, v0x567e87f6a8d0_27, v0x567e87f6a8d0_28, v0x567e87f6a8d0_29;
v0x567e87f6a8d0_30 .array/port v0x567e87f6a8d0, 30;
v0x567e87f6a8d0_31 .array/port v0x567e87f6a8d0, 31;
E_0x567e87e9b9d0/8 .event anyedge, v0x567e87f6a8d0_30, v0x567e87f6a8d0_31, v0x567e87f685c0_0;
E_0x567e87e9b9d0 .event/or E_0x567e87e9b9d0/0, E_0x567e87e9b9d0/1, E_0x567e87e9b9d0/2, E_0x567e87e9b9d0/3, E_0x567e87e9b9d0/4, E_0x567e87e9b9d0/5, E_0x567e87e9b9d0/6, E_0x567e87e9b9d0/7, E_0x567e87e9b9d0/8;
L_0x567e87f7ae20 .part v0x567e87f11410_0, 2, 5;
L_0x567e87f7aec0 .part v0x567e87f11410_0, 0, 2;
S_0x567e87f6b5e0 .scope module, "Read_instructions" "Read_instructions" 3 99, 8 1 0, S_0x567e87ec3350;
 .timescale 0 0;
    .port_info 0 /OUTPUT 32 "instrucao";
    .port_info 1 /INPUT 32 "PC";
    .port_info 2 /INPUT 1 "clk";
    .port_info 3 /INPUT 4 "estado";
v0x567e87f6b7c0_0 .net "PC", 31 0, v0x567e87f6f530_0;  alias, 1 drivers
v0x567e87f6b8c0_0 .net "clk", 0 0, v0x567e87f75fd0_0;  alias, 1 drivers
v0x567e87f6b980_0 .net "estado", 3 0, v0x567e87f70b30_0;  alias, 1 drivers
v0x567e87f6bae0_0 .var "instrucao", 31 0;
v0x567e87f6bbb0 .array "instrucoes", 14 0, 31 0;
S_0x567e87f6bcd0 .scope module, "Registrars" "Registrars" 3 109, 9 1 0, S_0x567e87ec3350;
 .timescale 0 0;
    .port_info 0 /INPUT 1 "clk";
    .port_info 1 /INPUT 5 "rs1";
    .port_info 2 /INPUT 5 "rs2";
    .port_info 3 /INPUT 5 "rd";
    .port_info 4 /OUTPUT 32 "ler_dados1";
    .port_info 5 /OUTPUT 32 "ler_dados2";
    .port_info 6 /INPUT 1 "regiwrite";
    .port_info 7 /INPUT 1 "memtoreg";
    .port_info 8 /INPUT 32 "writedataR";
    .port_info 9 /INPUT 32 "reddataM";
    .port_info 10 /OUTPUT 32 "reg0";
    .port_info 11 /OUTPUT 32 "reg1";
    .port_info 12 /OUTPUT 32 "reg2";
    .port_info 13 /OUTPUT 32 "reg3";
    .port_info 14 /OUTPUT 32 "reg4";
    .port_info 15 /OUTPUT 32 "reg5";
    .port_info 16 /OUTPUT 32 "reg6";
    .port_info 17 /OUTPUT 32 "reg7";
    .port_info 18 /OUTPUT 32 "reg8";
    .port_info 19 /OUTPUT 32 "reg9";
    .port_info 20 /OUTPUT 32 "reg10";
    .port_info 21 /OUTPUT 32 "reg11";
    .port_info 22 /OUTPUT 32 "reg12";
    .port_info 23 /OUTPUT 32 "reg13";
    .port_info 24 /OUTPUT 32 "reg14";
    .port_info 25 /OUTPUT 32 "reg15";
    .port_info 26 /OUTPUT 32 "reg16";
    .port_info 27 /OUTPUT 32 "reg17";
    .port_info 28 /OUTPUT 32 "reg18";
    .port_info 29 /OUTPUT 32 "reg19";
    .port_info 30 /OUTPUT 32 "reg20";
    .port_info 31 /OUTPUT 32 "reg21";
    .port_info 32 /OUTPUT 32 "reg22";
    .port_info 33 /OUTPUT 32 "reg23";
    .port_info 34 /OUTPUT 32 "reg24";
    .port_info 35 /OUTPUT 32 "reg25";
    .port_info 36 /OUTPUT 32 "reg26";
    .port_info 37 /OUTPUT 32 "reg27";
    .port_info 38 /OUTPUT 32 "reg28";
    .port_info 39 /OUTPUT 32 "reg29";
    .port_info 40 /OUTPUT 32 "reg30";
    .port_info 41 /OUTPUT 32 "reg31";
    .port_info 42 /INPUT 4 "estado";
L_0x567e87e5b070 .functor BUFZ 32, L_0x567e87f7a9c0, C4<00000000000000000000000000000000>, C4<00000000000000000000000000000000>, C4<00000000000000000000000000000000>;
L_0x567e87e67f90 .functor BUFZ 32, L_0x567e87f7abf0, C4<00000000000000000000000000000000>, C4<00000000000000000000000000000000>, C4<00000000000000000000000000000000>;
v0x567e87f6c270_0 .net *"_ivl_0", 31 0, L_0x567e87f7a9c0;  1 drivers
v0x567e87f6c370_0 .net *"_ivl_10", 6 0, L_0x567e87f7ac90;  1 drivers
L_0x734581db7060 .functor BUFT 1, C4<00>, C4<0>, C4<0>, C4<0>;
v0x567e87f6c450_0 .net *"_ivl_13", 1 0, L_0x734581db7060;  1 drivers
v0x567e87f6c510_0 .net *"_ivl_2", 6 0, L_0x567e87f7aa60;  1 drivers
L_0x734581db7018 .functor BUFT 1, C4<00>, C4<0>, C4<0>, C4<0>;
v0x567e87f6c5f0_0 .net *"_ivl_5", 1 0, L_0x734581db7018;  1 drivers
v0x567e87f6c720_0 .net *"_ivl_8", 31 0, L_0x567e87f7abf0;  1 drivers
v0x567e87f6c800 .array "bancoregistradores", 31 0, 31 0;
v0x567e87f6c8c0_0 .net "clk", 0 0, v0x567e87f75fd0_0;  alias, 1 drivers
v0x567e87f6c960_0 .net "estado", 3 0, v0x567e87f70b30_0;  alias, 1 drivers
v0x567e87f6cab0_0 .net "ler_dados1", 31 0, L_0x567e87e5b070;  alias, 1 drivers
v0x567e87f6cb70_0 .net "ler_dados2", 31 0, L_0x567e87e67f90;  alias, 1 drivers
v0x567e87f6cc10_0 .net "memtoreg", 0 0, v0x567e87f66840_0;  alias, 1 drivers
v0x567e87f6ccb0_0 .net "rd", 4 0, v0x567e87f67680_0;  alias, 1 drivers
v0x567e87f6cd80_0 .net "reddataM", 31 0, v0x567e87f6af00_0;  alias, 1 drivers
v0x567e87f6ce50_0 .var "reg0", 31 0;
v0x567e87f6cf10_0 .var "reg1", 31 0;
v0x567e87f6cff0_0 .var "reg10", 31 0;
v0x567e87f6d0d0_0 .var "reg11", 31 0;
v0x567e87f6d1b0_0 .var "reg12", 31 0;
v0x567e87f6d290_0 .var "reg13", 31 0;
v0x567e87f6d370_0 .var "reg14", 31 0;
v0x567e87f6d450_0 .var "reg15", 31 0;
v0x567e87f6d530_0 .var "reg16", 31 0;
v0x567e87f6d610_0 .var "reg17", 31 0;
v0x567e87f6d6f0_0 .var "reg18", 31 0;
v0x567e87f6d7d0_0 .var "reg19", 31 0;
v0x567e87f6d8b0_0 .var "reg2", 31 0;
v0x567e87f6d990_0 .var "reg20", 31 0;
v0x567e87f6da70_0 .var "reg21", 31 0;
v0x567e87f6db50_0 .var "reg22", 31 0;
v0x567e87f6dc30_0 .var "reg23", 31 0;
v0x567e87f6dd10_0 .var "reg24", 31 0;
v0x567e87f6ddf0_0 .var "reg25", 31 0;
v0x567e87f6ded0_0 .var "reg26", 31 0;
v0x567e87f6dfb0_0 .var "reg27", 31 0;
v0x567e87f6e090_0 .var "reg28", 31 0;
v0x567e87f6e170_0 .var "reg29", 31 0;
v0x567e87f6e250_0 .var "reg3", 31 0;
v0x567e87f6e330_0 .var "reg30", 31 0;
v0x567e87f6e410_0 .var "reg31", 31 0;
v0x567e87f6e4f0_0 .var "reg4", 31 0;
v0x567e87f6e5d0_0 .var "reg5", 31 0;
v0x567e87f6e6b0_0 .var "reg6", 31 0;
v0x567e87f6e790_0 .var "reg7", 31 0;
v0x567e87f6e870_0 .var "reg8", 31 0;
v0x567e87f6e950_0 .var "reg9", 31 0;
v0x567e87f6ea30_0 .net "regiwrite", 0 0, v0x567e87f669c0_0;  alias, 1 drivers
v0x567e87f6eb00_0 .net "rs1", 4 0, v0x567e87f677f0_0;  alias, 1 drivers
v0x567e87f6ebd0_0 .net "rs2", 4 0, v0x567e87f678d0_0;  alias, 1 drivers
v0x567e87f6eca0_0 .net "writedataR", 31 0, v0x567e87f6afa0_0;  alias, 1 drivers
L_0x567e87f7a9c0 .array/port v0x567e87f6c800, L_0x567e87f7aa60;
L_0x567e87f7aa60 .concat [ 5 2 0 0], v0x567e87f677f0_0, L_0x734581db7018;
L_0x567e87f7abf0 .array/port v0x567e87f6c800, L_0x567e87f7ac90;
L_0x567e87f7ac90 .concat [ 5 2 0 0], v0x567e87f678d0_0, L_0x734581db7060;
S_0x567e87f6f2b0 .scope module, "SomaPC" "SomaPC" 3 96, 10 1 0, S_0x567e87ec3350;
 .timescale 0 0;
    .port_info 0 /OUTPUT 32 "PC";
    .port_info 1 /INPUT 1 "clk";
    .port_info 2 /INPUT 1 "pcsrc";
    .port_info 3 /INPUT 12 "imediato";
    .port_info 4 /INPUT 4 "estado";
    .port_info 5 /INPUT 1 "negativo";
v0x567e87f6f530_0 .var "PC", 31 0;
v0x567e87f6f640_0 .net "clk", 0 0, v0x567e87f75fd0_0;  alias, 1 drivers
v0x567e87f6f6e0_0 .net "estado", 3 0, v0x567e87f70b30_0;  alias, 1 drivers
v0x567e87f6f7b0_0 .net "imediato", 11 0, v0x567e87f67340_0;  alias, 1 drivers
v0x567e87f6f850_0 .net "negativo", 0 0, v0x567e87f674f0_0;  alias, 1 drivers
v0x567e87f6f990_0 .net "pcsrc", 0 0, L_0x567e87e99f80;  alias, 1 drivers
S_0x567e87f6fad0 .scope module, "control" "ControlUnit" 3 128, 11 1 0, S_0x567e87ec3350;
 .timescale 0 0;
    .port_info 0 /INPUT 7 "opcode";
    .port_info 1 /INPUT 3 "funct3";
    .port_info 2 /OUTPUT 1 "memread";
    .port_info 3 /OUTPUT 1 "memwrite";
    .port_info 4 /OUTPUT 1 "regwrite";
    .port_info 5 /OUTPUT 1 "is_lb";
    .port_info 6 /OUTPUT 1 "is_sb";
v0x567e87f6fda0_0 .net "funct3", 2 0, v0x567e87f671d0_0;  alias, 1 drivers
v0x567e87f6fed0_0 .var "is_lb", 0 0;
v0x567e87f6ff90_0 .var "is_sb", 0 0;
v0x567e87f70060_0 .var "memread", 0 0;
v0x567e87f70150_0 .var "memwrite", 0 0;
v0x567e87f70290_0 .net "opcode", 6 0, v0x567e87f675c0_0;  alias, 1 drivers
v0x567e87f70330_0 .var "regwrite", 0 0;
E_0x567e87f50ba0 .event anyedge, v0x567e87f675c0_0, v0x567e87f66640_0;
    .scope S_0x567e87f6f2b0;
T_0 ;
    %pushi/vec4 0, 0, 32;
    %assign/vec4 v0x567e87f6f530_0, 0;
    %end;
    .thread T_0;
    .scope S_0x567e87f6f2b0;
T_1 ;
    %wait E_0x567e87e9b3e0;
    %load/vec4 v0x567e87f6f6e0_0;
    %cmpi/e 8, 0, 4;
    %jmp/0xz  T_1.0, 4;
    %load/vec4 v0x567e87f6f990_0;
    %dup/vec4;
    %pushi/vec4 0, 0, 1;
    %cmp/u;
    %jmp/1 T_1.2, 6;
    %dup/vec4;
    %pushi/vec4 1, 0, 1;
    %cmp/u;
    %jmp/1 T_1.3, 6;
    %jmp T_1.4;
T_1.2 ;
    %load/vec4 v0x567e87f6f530_0;
    %addi 1, 0, 32;
    %assign/vec4 v0x567e87f6f530_0, 0;
    %jmp T_1.4;
T_1.3 ;
    %load/vec4 v0x567e87f6f850_0;
    %cmpi/e 1, 0, 1;
    %jmp/0xz  T_1.5, 4;
    %load/vec4 v0x567e87f6f530_0;
    %load/vec4 v0x567e87f6f7b0_0;
    %pad/u 32;
    %pushi/vec4 4, 0, 32;
    %div;
    %sub;
    %assign/vec4 v0x567e87f6f530_0, 0;
    %jmp T_1.6;
T_1.5 ;
    %load/vec4 v0x567e87f6f530_0;
    %load/vec4 v0x567e87f6f7b0_0;
    %pad/u 32;
    %pushi/vec4 4, 0, 32;
    %div;
    %add;
    %assign/vec4 v0x567e87f6f530_0, 0;
T_1.6 ;
    %jmp T_1.4;
T_1.4 ;
    %pop/vec4 1;
T_1.0 ;
    %jmp T_1;
    .thread T_1;
    .scope S_0x567e87f6b5e0;
T_2 ;
    %vpi_call 8 12 "$readmemb", "../Inputs/instruction1.bin", v0x567e87f6bbb0 {0 0 0};
    %ix/getv 4, v0x567e87f6b7c0_0;
    %load/vec4a v0x567e87f6bbb0, 4;
    %assign/vec4 v0x567e87f6bae0_0, 0;
    %end;
    .thread T_2;
    .scope S_0x567e87f6b5e0;
T_3 ;
    %wait E_0x567e87e9b3e0;
    %load/vec4 v0x567e87f6b980_0;
    %cmpi/e 0, 0, 4;
    %jmp/0xz  T_3.0, 4;
    %ix/getv 4, v0x567e87f6b7c0_0;
    %load/vec4a v0x567e87f6bbb0, 4;
    %assign/vec4 v0x567e87f6bae0_0, 0;
T_3.0 ;
    %jmp T_3;
    .thread T_3;
    .scope S_0x567e87f66ce0;
T_4 ;
    %wait E_0x567e87e9b3e0;
    %load/vec4 v0x567e87f670c0_0;
    %cmpi/e 1, 0, 4;
    %jmp/0xz  T_4.0, 4;
    %load/vec4 v0x567e87f67430_0;
    %parti/s 3, 4, 4;
    %dup/vec4;
    %pushi/vec4 0, 0, 3;
    %cmp/u;
    %jmp/1 T_4.2, 6;
    %dup/vec4;
    %pushi/vec4 1, 0, 3;
    %cmp/u;
    %jmp/1 T_4.3, 6;
    %dup/vec4;
    %pushi/vec4 2, 0, 3;
    %cmp/u;
    %jmp/1 T_4.4, 6;
    %dup/vec4;
    %pushi/vec4 3, 0, 3;
    %cmp/u;
    %jmp/1 T_4.5, 6;
    %dup/vec4;
    %pushi/vec4 6, 0, 3;
    %cmp/u;
    %jmp/1 T_4.6, 6;
    %jmp T_4.7;
T_4.2 ;
    %load/vec4 v0x567e87f67430_0;
    %parti/s 5, 7, 4;
    %assign/vec4 v0x567e87f67680_0, 0;
    %load/vec4 v0x567e87f67430_0;
    %parti/s 5, 15, 5;
    %assign/vec4 v0x567e87f677f0_0, 0;
    %load/vec4 v0x567e87f67430_0;
    %parti/s 3, 12, 5;
    %assign/vec4 v0x567e87f671d0_0, 0;
    %load/vec4 v0x567e87f67430_0;
    %parti/s 12, 20, 6;
    %assign/vec4 v0x567e87f67340_0, 0;
    %pushi/vec4 0, 0, 1;
    %assign/vec4 v0x567e87f674f0_0, 0;
    %pushi/vec4 0, 0, 3;
    %assign/vec4 v0x567e87f679b0_0, 0;
    %jmp T_4.7;
T_4.3 ;
    %load/vec4 v0x567e87f67430_0;
    %parti/s 5, 7, 4;
    %assign/vec4 v0x567e87f67680_0, 0;
    %load/vec4 v0x567e87f67430_0;
    %parti/s 5, 15, 5;
    %assign/vec4 v0x567e87f677f0_0, 0;
    %load/vec4 v0x567e87f67430_0;
    %parti/s 3, 12, 5;
    %assign/vec4 v0x567e87f671d0_0, 0;
    %load/vec4 v0x567e87f67430_0;
    %parti/s 1, 31, 6;
    %cmpi/e 1, 0, 1;
    %jmp/0xz  T_4.8, 4;
    %load/vec4 v0x567e87f67430_0;
    %parti/s 12, 20, 6;
    %inv;
    %addi 1, 0, 12;
    %assign/vec4 v0x567e87f67340_0, 0;
    %pushi/vec4 1, 0, 1;
    %assign/vec4 v0x567e87f674f0_0, 0;
    %jmp T_4.9;
T_4.8 ;
    %load/vec4 v0x567e87f67430_0;
    %parti/s 12, 20, 6;
    %assign/vec4 v0x567e87f67340_0, 0;
    %pushi/vec4 0, 0, 1;
    %assign/vec4 v0x567e87f674f0_0, 0;
T_4.9 ;
    %pushi/vec4 1, 0, 3;
    %assign/vec4 v0x567e87f679b0_0, 0;
    %jmp T_4.7;
T_4.4 ;
    %load/vec4 v0x567e87f67430_0;
    %parti/s 7, 25, 6;
    %load/vec4 v0x567e87f67430_0;
    %parti/s 5, 7, 4;
    %concat/vec4; draw_concat_vec4
    %assign/vec4 v0x567e87f67340_0, 0;
    %pushi/vec4 0, 0, 1;
    %assign/vec4 v0x567e87f674f0_0, 0;
    %load/vec4 v0x567e87f67430_0;
    %parti/s 5, 15, 5;
    %assign/vec4 v0x567e87f677f0_0, 0;
    %load/vec4 v0x567e87f67430_0;
    %parti/s 5, 20, 6;
    %assign/vec4 v0x567e87f678d0_0, 0;
    %load/vec4 v0x567e87f67430_0;
    %parti/s 3, 12, 5;
    %assign/vec4 v0x567e87f671d0_0, 0;
    %pushi/vec4 2, 0, 3;
    %assign/vec4 v0x567e87f679b0_0, 0;
    %jmp T_4.7;
T_4.5 ;
    %load/vec4 v0x567e87f67430_0;
    %parti/s 7, 25, 6;
    %assign/vec4 v0x567e87f67270_0, 0;
    %load/vec4 v0x567e87f67430_0;
    %parti/s 5, 20, 6;
    %assign/vec4 v0x567e87f678d0_0, 0;
    %load/vec4 v0x567e87f67430_0;
    %parti/s 5, 15, 5;
    %assign/vec4 v0x567e87f677f0_0, 0;
    %load/vec4 v0x567e87f67430_0;
    %parti/s 5, 7, 4;
    %assign/vec4 v0x567e87f67680_0, 0;
    %load/vec4 v0x567e87f67430_0;
    %parti/s 3, 12, 5;
    %assign/vec4 v0x567e87f671d0_0, 0;
    %pushi/vec4 3, 0, 3;
    %assign/vec4 v0x567e87f679b0_0, 0;
    %jmp T_4.7;
T_4.6 ;
    %load/vec4 v0x567e87f67430_0;
    %parti/s 1, 31, 6;
    %cmpi/e 1, 0, 1;
    %jmp/0xz  T_4.10, 4;
    %load/vec4 v0x567e87f67430_0;
    %parti/s 1, 31, 6;
    %load/vec4 v0x567e87f67430_0;
    %parti/s 1, 7, 4;
    %concat/vec4; draw_concat_vec4
    %load/vec4 v0x567e87f67430_0;
    %parti/s 6, 25, 6;
    %concat/vec4; draw_concat_vec4
    %load/vec4 v0x567e87f67430_0;
    %parti/s 4, 8, 5;
    %concat/vec4; draw_concat_vec4
    %inv;
    %addi 1, 0, 12;
    %ix/load 4, 1, 0;
    %flag_set/imm 4, 0;
    %shiftl 4;
    %assign/vec4 v0x567e87f67340_0, 0;
    %pushi/vec4 1, 0, 1;
    %assign/vec4 v0x567e87f674f0_0, 0;
    %jmp T_4.11;
T_4.10 ;
    %load/vec4 v0x567e87f67430_0;
    %parti/s 1, 31, 6;
    %load/vec4 v0x567e87f67430_0;
    %parti/s 1, 7, 4;
    %concat/vec4; draw_concat_vec4
    %load/vec4 v0x567e87f67430_0;
    %parti/s 6, 25, 6;
    %concat/vec4; draw_concat_vec4
    %load/vec4 v0x567e87f67430_0;
    %parti/s 4, 8, 5;
    %concat/vec4; draw_concat_vec4
    %ix/load 4, 1, 0;
    %flag_set/imm 4, 0;
    %shiftl 4;
    %assign/vec4 v0x567e87f67340_0, 0;
    %pushi/vec4 0, 0, 1;
    %assign/vec4 v0x567e87f674f0_0, 0;
T_4.11 ;
    %load/vec4 v0x567e87f67430_0;
    %parti/s 5, 15, 5;
    %assign/vec4 v0x567e87f677f0_0, 0;
    %load/vec4 v0x567e87f67430_0;
    %parti/s 5, 20, 6;
    %assign/vec4 v0x567e87f678d0_0, 0;
    %load/vec4 v0x567e87f67430_0;
    %parti/s 3, 12, 5;
    %assign/vec4 v0x567e87f671d0_0, 0;
    %pushi/vec4 6, 0, 3;
    %assign/vec4 v0x567e87f679b0_0, 0;
    %jmp T_4.7;
T_4.7 ;
    %pop/vec4 1;
T_4.0 ;
    %jmp T_4;
    .thread T_4;
    .scope S_0x567e87f65f10;
T_5 ;
    %wait E_0x567e87e9b3e0;
    %load/vec4 v0x567e87f665a0_0;
    %cmpi/e 2, 0, 4;
    %jmp/0xz  T_5.0, 4;
    %load/vec4 v0x567e87f66a80_0;
    %dup/vec4;
    %pushi/vec4 1, 0, 3;
    %cmp/u;
    %jmp/1 T_5.2, 6;
    %dup/vec4;
    %pushi/vec4 0, 0, 3;
    %cmp/u;
    %jmp/1 T_5.3, 6;
    %dup/vec4;
    %pushi/vec4 3, 0, 3;
    %cmp/u;
    %jmp/1 T_5.4, 6;
    %dup/vec4;
    %pushi/vec4 6, 0, 3;
    %cmp/u;
    %jmp/1 T_5.5, 6;
    %jmp T_5.6;
T_5.2 ;
    %load/vec4 v0x567e87f66640_0;
    %dup/vec4;
    %pushi/vec4 0, 0, 3;
    %cmp/u;
    %jmp/1 T_5.7, 6;
    %dup/vec4;
    %pushi/vec4 6, 0, 3;
    %cmp/u;
    %jmp/1 T_5.8, 6;
    %jmp T_5.9;
T_5.7 ;
    %pushi/vec4 1, 1, 1;
    %assign/vec4 v0x567e87f669c0_0, 0;
    %pushi/vec4 1, 1, 1;
    %assign/vec4 v0x567e87f66900_0, 0;
    %pushi/vec4 1, 1, 1;
    %assign/vec4 v0x567e87f66780_0, 0;
    %pushi/vec4 3, 0, 4;
    %assign/vec4 v0x567e87f661f0_0, 0;
    %pushi/vec4 0, 0, 1;
    %assign/vec4 v0x567e87f66410_0, 0;
    %pushi/vec4 0, 0, 1;
    %assign/vec4 v0x567e87f66840_0, 0;
    %pushi/vec4 1, 0, 1;
    %assign/vec4 v0x567e87f66370_0, 0;
    %jmp T_5.9;
T_5.8 ;
    %pushi/vec4 1, 1, 1;
    %assign/vec4 v0x567e87f669c0_0, 0;
    %pushi/vec4 1, 1, 1;
    %assign/vec4 v0x567e87f66900_0, 0;
    %pushi/vec4 1, 1, 1;
    %assign/vec4 v0x567e87f66780_0, 0;
    %pushi/vec4 9, 0, 4;
    %assign/vec4 v0x567e87f661f0_0, 0;
    %pushi/vec4 0, 0, 1;
    %assign/vec4 v0x567e87f66410_0, 0;
    %pushi/vec4 0, 0, 1;
    %assign/vec4 v0x567e87f66840_0, 0;
    %pushi/vec4 1, 0, 1;
    %assign/vec4 v0x567e87f66370_0, 0;
    %jmp T_5.9;
T_5.9 ;
    %pop/vec4 1;
    %jmp T_5.6;
T_5.3 ;
    %load/vec4 v0x567e87f66640_0;
    %dup/vec4;
    %pushi/vec4 0, 0, 3;
    %cmp/u;
    %jmp/1 T_5.10, 6;
    %jmp T_5.11;
T_5.10 ;
    %pushi/vec4 1, 1, 1;
    %assign/vec4 v0x567e87f669c0_0, 0;
    %pushi/vec4 0, 0, 1;
    %assign/vec4 v0x567e87f66900_0, 0;
    %pushi/vec4 1, 0, 1;
    %assign/vec4 v0x567e87f66780_0, 0;
    %pushi/vec4 12, 0, 4;
    %assign/vec4 v0x567e87f661f0_0, 0;
    %pushi/vec4 0, 0, 1;
    %assign/vec4 v0x567e87f66410_0, 0;
    %pushi/vec4 1, 0, 1;
    %assign/vec4 v0x567e87f66840_0, 0;
    %pushi/vec4 1, 0, 1;
    %assign/vec4 v0x567e87f66370_0, 0;
    %jmp T_5.11;
T_5.11 ;
    %pop/vec4 1;
    %jmp T_5.6;
T_5.4 ;
    %load/vec4 v0x567e87f66640_0;
    %dup/vec4;
    %pushi/vec4 0, 0, 3;
    %cmp/u;
    %jmp/1 T_5.12, 6;
    %dup/vec4;
    %pushi/vec4 7, 0, 3;
    %cmp/u;
    %jmp/1 T_5.13, 6;
    %dup/vec4;
    %pushi/vec4 1, 0, 3;
    %cmp/u;
    %jmp/1 T_5.14, 6;
    %jmp T_5.15;
T_5.12 ;
    %load/vec4 v0x567e87f666e0_0;
    %parti/s 2, 5, 4;
    %dup/vec4;
    %pushi/vec4 0, 0, 2;
    %cmp/u;
    %jmp/1 T_5.16, 6;
    %dup/vec4;
    %pushi/vec4 1, 0, 2;
    %cmp/u;
    %jmp/1 T_5.17, 6;
    %jmp T_5.18;
T_5.16 ;
    %pushi/vec4 1, 1, 1;
    %assign/vec4 v0x567e87f669c0_0, 0;
    %pushi/vec4 1, 1, 1;
    %assign/vec4 v0x567e87f66900_0, 0;
    %pushi/vec4 1, 1, 1;
    %assign/vec4 v0x567e87f66780_0, 0;
    %pushi/vec4 2, 0, 4;
    %assign/vec4 v0x567e87f661f0_0, 0;
    %pushi/vec4 0, 0, 1;
    %assign/vec4 v0x567e87f66410_0, 0;
    %pushi/vec4 0, 0, 1;
    %assign/vec4 v0x567e87f66840_0, 0;
    %pushi/vec4 0, 0, 1;
    %assign/vec4 v0x567e87f66370_0, 0;
    %jmp T_5.18;
T_5.17 ;
    %pushi/vec4 1, 1, 1;
    %assign/vec4 v0x567e87f669c0_0, 0;
    %pushi/vec4 1, 1, 1;
    %assign/vec4 v0x567e87f66900_0, 0;
    %pushi/vec4 1, 1, 1;
    %assign/vec4 v0x567e87f66780_0, 0;
    %pushi/vec4 6, 0, 4;
    %assign/vec4 v0x567e87f661f0_0, 0;
    %pushi/vec4 0, 0, 1;
    %assign/vec4 v0x567e87f66410_0, 0;
    %pushi/vec4 0, 0, 1;
    %assign/vec4 v0x567e87f66840_0, 0;
    %pushi/vec4 0, 0, 1;
    %assign/vec4 v0x567e87f66370_0, 0;
    %jmp T_5.18;
T_5.18 ;
    %pop/vec4 1;
    %jmp T_5.15;
T_5.13 ;
    %pushi/vec4 1, 1, 1;
    %assign/vec4 v0x567e87f669c0_0, 0;
    %pushi/vec4 1, 1, 1;
    %assign/vec4 v0x567e87f66900_0, 0;
    %pushi/vec4 1, 1, 1;
    %assign/vec4 v0x567e87f66780_0, 0;
    %pushi/vec4 0, 0, 4;
    %assign/vec4 v0x567e87f661f0_0, 0;
    %pushi/vec4 0, 0, 1;
    %assign/vec4 v0x567e87f66410_0, 0;
    %pushi/vec4 0, 0, 1;
    %assign/vec4 v0x567e87f66840_0, 0;
    %pushi/vec4 0, 0, 1;
    %assign/vec4 v0x567e87f66370_0, 0;
    %jmp T_5.15;
T_5.14 ;
    %pushi/vec4 1, 1, 1;
    %assign/vec4 v0x567e87f669c0_0, 0;
    %pushi/vec4 1, 1, 1;
    %assign/vec4 v0x567e87f66900_0, 0;
    %pushi/vec4 1, 1, 1;
    %assign/vec4 v0x567e87f66780_0, 0;
    %pushi/vec4 10, 0, 4;
    %assign/vec4 v0x567e87f661f0_0, 0;
    %pushi/vec4 0, 0, 1;
    %assign/vec4 v0x567e87f66410_0, 0;
    %pushi/vec4 0, 0, 1;
    %assign/vec4 v0x567e87f66840_0, 0;
    %pushi/vec4 0, 0, 1;
    %assign/vec4 v0x567e87f66370_0, 0;
    %jmp T_5.15;
T_5.15 ;
    %pop/vec4 1;
    %jmp T_5.6;
T_5.5 ;
    %pushi/vec4 1, 1, 1;
    %assign/vec4 v0x567e87f669c0_0, 0;
    %pushi/vec4 1, 1, 1;
    %assign/vec4 v0x567e87f66900_0, 0;
    %pushi/vec4 1, 1, 1;
    %assign/vec4 v0x567e87f66780_0, 0;
    %pushi/vec4 6, 0, 4;
    %assign/vec4 v0x567e87f661f0_0, 0;
    %pushi/vec4 1, 0, 1;
    %assign/vec4 v0x567e87f66410_0, 0;
    %pushi/vec4 0, 0, 1;
    %assign/vec4 v0x567e87f66840_0, 0;
    %pushi/vec4 1, 0, 1;
    %assign/vec4 v0x567e87f66370_0, 0;
    %jmp T_5.6;
T_5.6 ;
    %pop/vec4 1;
T_5.0 ;
    %load/vec4 v0x567e87f665a0_0;
    %cmpi/e 15, 0, 4;
    %jmp/0xz  T_5.19, 4;
    %load/vec4 v0x567e87f66a80_0;
    %dup/vec4;
    %pushi/vec4 1, 0, 3;
    %cmp/u;
    %jmp/1 T_5.21, 6;
    %dup/vec4;
    %pushi/vec4 0, 0, 3;
    %cmp/u;
    %jmp/1 T_5.22, 6;
    %dup/vec4;
    %pushi/vec4 3, 0, 3;
    %cmp/u;
    %jmp/1 T_5.23, 6;
    %dup/vec4;
    %pushi/vec4 6, 0, 3;
    %cmp/u;
    %jmp/1 T_5.24, 6;
    %jmp T_5.25;
T_5.21 ;
    %load/vec4 v0x567e87f66640_0;
    %dup/vec4;
    %pushi/vec4 0, 0, 3;
    %cmp/u;
    %jmp/1 T_5.26, 6;
    %dup/vec4;
    %pushi/vec4 6, 0, 3;
    %cmp/u;
    %jmp/1 T_5.27, 6;
    %jmp T_5.28;
T_5.26 ;
    %pushi/vec4 1, 0, 1;
    %assign/vec4 v0x567e87f669c0_0, 0;
    %pushi/vec4 0, 0, 1;
    %assign/vec4 v0x567e87f66900_0, 0;
    %pushi/vec4 0, 0, 1;
    %assign/vec4 v0x567e87f66780_0, 0;
    %pushi/vec4 3, 0, 4;
    %assign/vec4 v0x567e87f661f0_0, 0;
    %pushi/vec4 0, 0, 1;
    %assign/vec4 v0x567e87f66410_0, 0;
    %pushi/vec4 0, 0, 1;
    %assign/vec4 v0x567e87f66840_0, 0;
    %pushi/vec4 1, 0, 1;
    %assign/vec4 v0x567e87f66370_0, 0;
    %jmp T_5.28;
T_5.27 ;
    %pushi/vec4 1, 0, 1;
    %assign/vec4 v0x567e87f669c0_0, 0;
    %pushi/vec4 0, 0, 1;
    %assign/vec4 v0x567e87f66900_0, 0;
    %pushi/vec4 0, 0, 1;
    %assign/vec4 v0x567e87f66780_0, 0;
    %pushi/vec4 9, 0, 4;
    %assign/vec4 v0x567e87f661f0_0, 0;
    %pushi/vec4 0, 0, 1;
    %assign/vec4 v0x567e87f66410_0, 0;
    %pushi/vec4 0, 0, 1;
    %assign/vec4 v0x567e87f66840_0, 0;
    %pushi/vec4 1, 0, 1;
    %assign/vec4 v0x567e87f66370_0, 0;
    %jmp T_5.28;
T_5.28 ;
    %pop/vec4 1;
    %jmp T_5.25;
T_5.22 ;
    %load/vec4 v0x567e87f66640_0;
    %dup/vec4;
    %pushi/vec4 0, 0, 3;
    %cmp/u;
    %jmp/1 T_5.29, 6;
    %jmp T_5.30;
T_5.29 ;
    %pushi/vec4 1, 0, 1;
    %assign/vec4 v0x567e87f669c0_0, 0;
    %pushi/vec4 0, 0, 1;
    %assign/vec4 v0x567e87f66900_0, 0;
    %pushi/vec4 1, 0, 1;
    %assign/vec4 v0x567e87f66780_0, 0;
    %pushi/vec4 12, 0, 4;
    %assign/vec4 v0x567e87f661f0_0, 0;
    %pushi/vec4 0, 0, 1;
    %assign/vec4 v0x567e87f66410_0, 0;
    %pushi/vec4 1, 0, 1;
    %assign/vec4 v0x567e87f66840_0, 0;
    %pushi/vec4 1, 0, 1;
    %assign/vec4 v0x567e87f66370_0, 0;
    %jmp T_5.30;
T_5.30 ;
    %pop/vec4 1;
    %jmp T_5.25;
T_5.23 ;
    %load/vec4 v0x567e87f66640_0;
    %dup/vec4;
    %pushi/vec4 0, 0, 3;
    %cmp/u;
    %jmp/1 T_5.31, 6;
    %dup/vec4;
    %pushi/vec4 7, 0, 3;
    %cmp/u;
    %jmp/1 T_5.32, 6;
    %dup/vec4;
    %pushi/vec4 1, 0, 3;
    %cmp/u;
    %jmp/1 T_5.33, 6;
    %jmp T_5.34;
T_5.31 ;
    %load/vec4 v0x567e87f666e0_0;
    %parti/s 2, 5, 4;
    %dup/vec4;
    %pushi/vec4 0, 0, 2;
    %cmp/u;
    %jmp/1 T_5.35, 6;
    %dup/vec4;
    %pushi/vec4 1, 0, 2;
    %cmp/u;
    %jmp/1 T_5.36, 6;
    %jmp T_5.37;
T_5.35 ;
    %pushi/vec4 1, 0, 1;
    %assign/vec4 v0x567e87f669c0_0, 0;
    %pushi/vec4 0, 0, 1;
    %assign/vec4 v0x567e87f66900_0, 0;
    %pushi/vec4 0, 0, 1;
    %assign/vec4 v0x567e87f66780_0, 0;
    %pushi/vec4 2, 0, 4;
    %assign/vec4 v0x567e87f661f0_0, 0;
    %pushi/vec4 0, 0, 1;
    %assign/vec4 v0x567e87f66410_0, 0;
    %pushi/vec4 0, 0, 1;
    %assign/vec4 v0x567e87f66840_0, 0;
    %pushi/vec4 0, 0, 1;
    %assign/vec4 v0x567e87f66370_0, 0;
    %jmp T_5.37;
T_5.36 ;
    %pushi/vec4 1, 0, 1;
    %assign/vec4 v0x567e87f669c0_0, 0;
    %pushi/vec4 0, 0, 1;
    %assign/vec4 v0x567e87f66900_0, 0;
    %pushi/vec4 0, 0, 1;
    %assign/vec4 v0x567e87f66780_0, 0;
    %pushi/vec4 6, 0, 4;
    %assign/vec4 v0x567e87f661f0_0, 0;
    %pushi/vec4 0, 0, 1;
    %assign/vec4 v0x567e87f66410_0, 0;
    %pushi/vec4 0, 0, 1;
    %assign/vec4 v0x567e87f66840_0, 0;
    %pushi/vec4 0, 0, 1;
    %assign/vec4 v0x567e87f66370_0, 0;
    %jmp T_5.37;
T_5.37 ;
    %pop/vec4 1;
    %jmp T_5.34;
T_5.32 ;
    %pushi/vec4 1, 0, 1;
    %assign/vec4 v0x567e87f669c0_0, 0;
    %pushi/vec4 0, 0, 1;
    %assign/vec4 v0x567e87f66900_0, 0;
    %pushi/vec4 0, 0, 1;
    %assign/vec4 v0x567e87f66780_0, 0;
    %pushi/vec4 0, 0, 4;
    %assign/vec4 v0x567e87f661f0_0, 0;
    %pushi/vec4 0, 0, 1;
    %assign/vec4 v0x567e87f66410_0, 0;
    %pushi/vec4 0, 0, 1;
    %assign/vec4 v0x567e87f66840_0, 0;
    %pushi/vec4 0, 0, 1;
    %assign/vec4 v0x567e87f66370_0, 0;
    %jmp T_5.34;
T_5.33 ;
    %pushi/vec4 1, 0, 1;
    %assign/vec4 v0x567e87f669c0_0, 0;
    %pushi/vec4 0, 0, 1;
    %assign/vec4 v0x567e87f66900_0, 0;
    %pushi/vec4 0, 0, 1;
    %assign/vec4 v0x567e87f66780_0, 0;
    %pushi/vec4 10, 0, 4;
    %assign/vec4 v0x567e87f661f0_0, 0;
    %pushi/vec4 0, 0, 1;
    %assign/vec4 v0x567e87f66410_0, 0;
    %pushi/vec4 0, 0, 1;
    %assign/vec4 v0x567e87f66840_0, 0;
    %pushi/vec4 0, 0, 1;
    %assign/vec4 v0x567e87f66370_0, 0;
    %jmp T_5.34;
T_5.34 ;
    %pop/vec4 1;
    %jmp T_5.25;
T_5.24 ;
    %load/vec4 v0x567e87f66640_0;
    %dup/vec4;
    %pushi/vec4 0, 0, 3;
    %cmp/u;
    %jmp/1 T_5.38, 6;
    %dup/vec4;
    %pushi/vec4 1, 0, 3;
    %cmp/u;
    %jmp/1 T_5.39, 6;
    %jmp T_5.40;
T_5.38 ;
    %pushi/vec4 0, 0, 1;
    %assign/vec4 v0x567e87f669c0_0, 0;
    %pushi/vec4 0, 0, 1;
    %assign/vec4 v0x567e87f66900_0, 0;
    %pushi/vec4 0, 0, 1;
    %assign/vec4 v0x567e87f66780_0, 0;
    %pushi/vec4 6, 0, 4;
    %assign/vec4 v0x567e87f661f0_0, 0;
    %pushi/vec4 1, 0, 1;
    %assign/vec4 v0x567e87f66410_0, 0;
    %pushi/vec4 0, 0, 1;
    %assign/vec4 v0x567e87f66840_0, 0;
    %pushi/vec4 1, 0, 1;
    %assign/vec4 v0x567e87f66370_0, 0;
    %jmp T_5.40;
T_5.39 ;
    %pushi/vec4 0, 0, 1;
    %assign/vec4 v0x567e87f669c0_0, 0;
    %pushi/vec4 0, 0, 1;
    %assign/vec4 v0x567e87f66900_0, 0;
    %pushi/vec4 0, 0, 1;
    %assign/vec4 v0x567e87f66780_0, 0;
    %pushi/vec4 15, 0, 4;
    %assign/vec4 v0x567e87f661f0_0, 0;
    %pushi/vec4 1, 0, 1;
    %assign/vec4 v0x567e87f66410_0, 0;
    %pushi/vec4 0, 0, 1;
    %assign/vec4 v0x567e87f66840_0, 0;
    %pushi/vec4 1, 0, 1;
    %assign/vec4 v0x567e87f66370_0, 0;
    %jmp T_5.40;
T_5.40 ;
    %pop/vec4 1;
    %jmp T_5.25;
T_5.25 ;
    %pop/vec4 1;
T_5.19 ;
    %jmp T_5;
    .thread T_5;
    .scope S_0x567e87f6bcd0;
T_6 ;
    %vpi_call 9 20 "$readmemb", "../Inputs/registrars.bin", v0x567e87f6c800 {0 0 0};
    %ix/load 4, 0, 0;
    %flag_set/imm 4, 0;
    %load/vec4a v0x567e87f6c800, 4;
    %assign/vec4 v0x567e87f6ce50_0, 0;
    %ix/load 4, 1, 0;
    %flag_set/imm 4, 0;
    %load/vec4a v0x567e87f6c800, 4;
    %assign/vec4 v0x567e87f6cf10_0, 0;
    %ix/load 4, 2, 0;
    %flag_set/imm 4, 0;
    %load/vec4a v0x567e87f6c800, 4;
    %assign/vec4 v0x567e87f6d8b0_0, 0;
    %ix/load 4, 3, 0;
    %flag_set/imm 4, 0;
    %load/vec4a v0x567e87f6c800, 4;
    %assign/vec4 v0x567e87f6e250_0, 0;
    %ix/load 4, 4, 0;
    %flag_set/imm 4, 0;
    %load/vec4a v0x567e87f6c800, 4;
    %assign/vec4 v0x567e87f6e4f0_0, 0;
    %ix/load 4, 5, 0;
    %flag_set/imm 4, 0;
    %load/vec4a v0x567e87f6c800, 4;
    %assign/vec4 v0x567e87f6e5d0_0, 0;
    %ix/load 4, 6, 0;
    %flag_set/imm 4, 0;
    %load/vec4a v0x567e87f6c800, 4;
    %assign/vec4 v0x567e87f6e6b0_0, 0;
    %ix/load 4, 7, 0;
    %flag_set/imm 4, 0;
    %load/vec4a v0x567e87f6c800, 4;
    %assign/vec4 v0x567e87f6e790_0, 0;
    %ix/load 4, 8, 0;
    %flag_set/imm 4, 0;
    %load/vec4a v0x567e87f6c800, 4;
    %assign/vec4 v0x567e87f6e870_0, 0;
    %ix/load 4, 9, 0;
    %flag_set/imm 4, 0;
    %load/vec4a v0x567e87f6c800, 4;
    %assign/vec4 v0x567e87f6e950_0, 0;
    %ix/load 4, 10, 0;
    %flag_set/imm 4, 0;
    %load/vec4a v0x567e87f6c800, 4;
    %assign/vec4 v0x567e87f6cff0_0, 0;
    %ix/load 4, 11, 0;
    %flag_set/imm 4, 0;
    %load/vec4a v0x567e87f6c800, 4;
    %assign/vec4 v0x567e87f6d0d0_0, 0;
    %ix/load 4, 12, 0;
    %flag_set/imm 4, 0;
    %load/vec4a v0x567e87f6c800, 4;
    %assign/vec4 v0x567e87f6d1b0_0, 0;
    %ix/load 4, 13, 0;
    %flag_set/imm 4, 0;
    %load/vec4a v0x567e87f6c800, 4;
    %assign/vec4 v0x567e87f6d290_0, 0;
    %ix/load 4, 14, 0;
    %flag_set/imm 4, 0;
    %load/vec4a v0x567e87f6c800, 4;
    %assign/vec4 v0x567e87f6d370_0, 0;
    %ix/load 4, 15, 0;
    %flag_set/imm 4, 0;
    %load/vec4a v0x567e87f6c800, 4;
    %assign/vec4 v0x567e87f6d450_0, 0;
    %ix/load 4, 16, 0;
    %flag_set/imm 4, 0;
    %load/vec4a v0x567e87f6c800, 4;
    %assign/vec4 v0x567e87f6d530_0, 0;
    %ix/load 4, 17, 0;
    %flag_set/imm 4, 0;
    %load/vec4a v0x567e87f6c800, 4;
    %assign/vec4 v0x567e87f6d610_0, 0;
    %ix/load 4, 18, 0;
    %flag_set/imm 4, 0;
    %load/vec4a v0x567e87f6c800, 4;
    %assign/vec4 v0x567e87f6d6f0_0, 0;
    %ix/load 4, 19, 0;
    %flag_set/imm 4, 0;
    %load/vec4a v0x567e87f6c800, 4;
    %assign/vec4 v0x567e87f6d7d0_0, 0;
    %ix/load 4, 20, 0;
    %flag_set/imm 4, 0;
    %load/vec4a v0x567e87f6c800, 4;
    %assign/vec4 v0x567e87f6d990_0, 0;
    %ix/load 4, 21, 0;
    %flag_set/imm 4, 0;
    %load/vec4a v0x567e87f6c800, 4;
    %assign/vec4 v0x567e87f6da70_0, 0;
    %ix/load 4, 22, 0;
    %flag_set/imm 4, 0;
    %load/vec4a v0x567e87f6c800, 4;
    %assign/vec4 v0x567e87f6db50_0, 0;
    %ix/load 4, 23, 0;
    %flag_set/imm 4, 0;
    %load/vec4a v0x567e87f6c800, 4;
    %assign/vec4 v0x567e87f6dc30_0, 0;
    %ix/load 4, 24, 0;
    %flag_set/imm 4, 0;
    %load/vec4a v0x567e87f6c800, 4;
    %assign/vec4 v0x567e87f6dd10_0, 0;
    %ix/load 4, 25, 0;
    %flag_set/imm 4, 0;
    %load/vec4a v0x567e87f6c800, 4;
    %assign/vec4 v0x567e87f6ddf0_0, 0;
    %ix/load 4, 26, 0;
    %flag_set/imm 4, 0;
    %load/vec4a v0x567e87f6c800, 4;
    %assign/vec4 v0x567e87f6ded0_0, 0;
    %ix/load 4, 27, 0;
    %flag_set/imm 4, 0;
    %load/vec4a v0x567e87f6c800, 4;
    %assign/vec4 v0x567e87f6dfb0_0, 0;
    %ix/load 4, 28, 0;
    %flag_set/imm 4, 0;
    %load/vec4a v0x567e87f6c800, 4;
    %assign/vec4 v0x567e87f6e090_0, 0;
    %ix/load 4, 29, 0;
    %flag_set/imm 4, 0;
    %load/vec4a v0x567e87f6c800, 4;
    %assign/vec4 v0x567e87f6e170_0, 0;
    %ix/load 4, 30, 0;
    %flag_set/imm 4, 0;
    %load/vec4a v0x567e87f6c800, 4;
    %assign/vec4 v0x567e87f6e330_0, 0;
    %ix/load 4, 31, 0;
    %flag_set/imm 4, 0;
    %load/vec4a v0x567e87f6c800, 4;
    %assign/vec4 v0x567e87f6e410_0, 0;
    %end;
    .thread T_6;
    .scope S_0x567e87f6bcd0;
T_7 ;
    %wait E_0x567e87e9b3e0;
    %load/vec4 v0x567e87f6c960_0;
    %cmpi/e 6, 0, 4;
    %jmp/1 T_7.2, 4;
    %flag_mov 8, 4;
    %load/vec4 v0x567e87f6c960_0;
    %cmpi/e 7, 0, 4;
    %flag_or 4, 8;
T_7.2;
    %jmp/0xz  T_7.0, 4;
    %load/vec4 v0x567e87f6ea30_0;
    %dup/vec4;
    %pushi/vec4 1, 0, 1;
    %cmp/u;
    %jmp/1 T_7.3, 6;
    %jmp T_7.4;
T_7.3 ;
    %load/vec4 v0x567e87f6cc10_0;
    %dup/vec4;
    %pushi/vec4 1, 0, 1;
    %cmp/u;
    %jmp/1 T_7.5, 6;
    %dup/vec4;
    %pushi/vec4 0, 0, 1;
    %cmp/u;
    %jmp/1 T_7.6, 6;
    %jmp T_7.7;
T_7.5 ;
    %load/vec4 v0x567e87f6ccb0_0;
    %pad/u 32;
    %cmpi/ne 0, 0, 32;
    %jmp/0xz  T_7.8, 4;
    %load/vec4 v0x567e87f6cd80_0;
    %load/vec4 v0x567e87f6ccb0_0;
    %pad/u 7;
    %ix/vec4 3;
    %ix/load 4, 0, 0; Constant delay
    %assign/vec4/a/d v0x567e87f6c800, 0, 4;
T_7.8 ;
    %jmp T_7.7;
T_7.6 ;
    %load/vec4 v0x567e87f6ccb0_0;
    %pad/u 32;
    %cmpi/ne 0, 0, 32;
    %jmp/0xz  T_7.10, 4;
    %load/vec4 v0x567e87f6eca0_0;
    %load/vec4 v0x567e87f6ccb0_0;
    %pad/u 7;
    %ix/vec4 3;
    %ix/load 4, 0, 0; Constant delay
    %assign/vec4/a/d v0x567e87f6c800, 0, 4;
T_7.10 ;
    %jmp T_7.7;
T_7.7 ;
    %pop/vec4 1;
    %jmp T_7.4;
T_7.4 ;
    %pop/vec4 1;
    %ix/load 4, 0, 0;
    %flag_set/imm 4, 0;
    %load/vec4a v0x567e87f6c800, 4;
    %assign/vec4 v0x567e87f6ce50_0, 0;
    %ix/load 4, 1, 0;
    %flag_set/imm 4, 0;
    %load/vec4a v0x567e87f6c800, 4;
    %assign/vec4 v0x567e87f6cf10_0, 0;
    %ix/load 4, 2, 0;
    %flag_set/imm 4, 0;
    %load/vec4a v0x567e87f6c800, 4;
    %assign/vec4 v0x567e87f6d8b0_0, 0;
    %ix/load 4, 3, 0;
    %flag_set/imm 4, 0;
    %load/vec4a v0x567e87f6c800, 4;
    %assign/vec4 v0x567e87f6e250_0, 0;
    %ix/load 4, 4, 0;
    %flag_set/imm 4, 0;
    %load/vec4a v0x567e87f6c800, 4;
    %assign/vec4 v0x567e87f6e4f0_0, 0;
    %ix/load 4, 5, 0;
    %flag_set/imm 4, 0;
    %load/vec4a v0x567e87f6c800, 4;
    %assign/vec4 v0x567e87f6e5d0_0, 0;
    %ix/load 4, 6, 0;
    %flag_set/imm 4, 0;
    %load/vec4a v0x567e87f6c800, 4;
    %assign/vec4 v0x567e87f6e6b0_0, 0;
    %ix/load 4, 7, 0;
    %flag_set/imm 4, 0;
    %load/vec4a v0x567e87f6c800, 4;
    %assign/vec4 v0x567e87f6e790_0, 0;
    %ix/load 4, 8, 0;
    %flag_set/imm 4, 0;
    %load/vec4a v0x567e87f6c800, 4;
    %assign/vec4 v0x567e87f6e870_0, 0;
    %ix/load 4, 9, 0;
    %flag_set/imm 4, 0;
    %load/vec4a v0x567e87f6c800, 4;
    %assign/vec4 v0x567e87f6e950_0, 0;
    %ix/load 4, 10, 0;
    %flag_set/imm 4, 0;
    %load/vec4a v0x567e87f6c800, 4;
    %assign/vec4 v0x567e87f6cff0_0, 0;
    %ix/load 4, 11, 0;
    %flag_set/imm 4, 0;
    %load/vec4a v0x567e87f6c800, 4;
    %assign/vec4 v0x567e87f6d0d0_0, 0;
    %ix/load 4, 12, 0;
    %flag_set/imm 4, 0;
    %load/vec4a v0x567e87f6c800, 4;
    %assign/vec4 v0x567e87f6d1b0_0, 0;
    %ix/load 4, 13, 0;
    %flag_set/imm 4, 0;
    %load/vec4a v0x567e87f6c800, 4;
    %assign/vec4 v0x567e87f6d290_0, 0;
    %ix/load 4, 14, 0;
    %flag_set/imm 4, 0;
    %load/vec4a v0x567e87f6c800, 4;
    %assign/vec4 v0x567e87f6d370_0, 0;
    %ix/load 4, 15, 0;
    %flag_set/imm 4, 0;
    %load/vec4a v0x567e87f6c800, 4;
    %assign/vec4 v0x567e87f6d450_0, 0;
    %ix/load 4, 16, 0;
    %flag_set/imm 4, 0;
    %load/vec4a v0x567e87f6c800, 4;
    %assign/vec4 v0x567e87f6d530_0, 0;
    %ix/load 4, 17, 0;
    %flag_set/imm 4, 0;
    %load/vec4a v0x567e87f6c800, 4;
    %assign/vec4 v0x567e87f6d610_0, 0;
    %ix/load 4, 18, 0;
    %flag_set/imm 4, 0;
    %load/vec4a v0x567e87f6c800, 4;
    %assign/vec4 v0x567e87f6d6f0_0, 0;
    %ix/load 4, 19, 0;
    %flag_set/imm 4, 0;
    %load/vec4a v0x567e87f6c800, 4;
    %assign/vec4 v0x567e87f6d7d0_0, 0;
    %ix/load 4, 20, 0;
    %flag_set/imm 4, 0;
    %load/vec4a v0x567e87f6c800, 4;
    %assign/vec4 v0x567e87f6d990_0, 0;
    %ix/load 4, 21, 0;
    %flag_set/imm 4, 0;
    %load/vec4a v0x567e87f6c800, 4;
    %assign/vec4 v0x567e87f6da70_0, 0;
    %ix/load 4, 22, 0;
    %flag_set/imm 4, 0;
    %load/vec4a v0x567e87f6c800, 4;
    %assign/vec4 v0x567e87f6db50_0, 0;
    %ix/load 4, 23, 0;
    %flag_set/imm 4, 0;
    %load/vec4a v0x567e87f6c800, 4;
    %assign/vec4 v0x567e87f6dc30_0, 0;
    %ix/load 4, 24, 0;
    %flag_set/imm 4, 0;
    %load/vec4a v0x567e87f6c800, 4;
    %assign/vec4 v0x567e87f6dd10_0, 0;
    %ix/load 4, 25, 0;
    %flag_set/imm 4, 0;
    %load/vec4a v0x567e87f6c800, 4;
    %assign/vec4 v0x567e87f6ddf0_0, 0;
    %ix/load 4, 26, 0;
    %flag_set/imm 4, 0;
    %load/vec4a v0x567e87f6c800, 4;
    %assign/vec4 v0x567e87f6ded0_0, 0;
    %ix/load 4, 27, 0;
    %flag_set/imm 4, 0;
    %load/vec4a v0x567e87f6c800, 4;
    %assign/vec4 v0x567e87f6dfb0_0, 0;
    %ix/load 4, 28, 0;
    %flag_set/imm 4, 0;
    %load/vec4a v0x567e87f6c800, 4;
    %assign/vec4 v0x567e87f6e090_0, 0;
    %ix/load 4, 29, 0;
    %flag_set/imm 4, 0;
    %load/vec4a v0x567e87f6c800, 4;
    %assign/vec4 v0x567e87f6e170_0, 0;
    %ix/load 4, 30, 0;
    %flag_set/imm 4, 0;
    %load/vec4a v0x567e87f6c800, 4;
    %assign/vec4 v0x567e87f6e330_0, 0;
    %ix/load 4, 31, 0;
    %flag_set/imm 4, 0;
    %load/vec4a v0x567e87f6c800, 4;
    %assign/vec4 v0x567e87f6e410_0, 0;
T_7.0 ;
    %jmp T_7;
    .thread T_7;
    .scope S_0x567e87e59fa0;
T_8 ;
    %wait E_0x567e87e9b3e0;
    %load/vec4 v0x567e87f65890_0;
    %cmpi/e 5, 0, 4;
    %jmp/1 T_8.2, 4;
    %flag_mov 8, 4;
    %load/vec4 v0x567e87f65890_0;
    %cmpi/e 6, 0, 4;
    %flag_or 4, 8;
T_8.2;
    %jmp/0xz  T_8.0, 4;
    %load/vec4 v0x567e87f421b0_0;
    %dup/vec4;
    %pushi/vec4 0, 0, 1;
    %cmp/u;
    %jmp/1 T_8.3, 6;
    %dup/vec4;
    %pushi/vec4 1, 0, 1;
    %cmp/u;
    %jmp/1 T_8.4, 6;
    %jmp T_8.5;
T_8.3 ;
    %load/vec4 v0x567e87f101a0_0;
    %dup/vec4;
    %pushi/vec4 0, 0, 4;
    %cmp/u;
    %jmp/1 T_8.6, 6;
    %dup/vec4;
    %pushi/vec4 1, 0, 4;
    %cmp/u;
    %jmp/1 T_8.7, 6;
    %dup/vec4;
    %pushi/vec4 2, 0, 4;
    %cmp/u;
    %jmp/1 T_8.8, 6;
    %dup/vec4;
    %pushi/vec4 6, 0, 4;
    %cmp/u;
    %jmp/1 T_8.9, 6;
    %dup/vec4;
    %pushi/vec4 4, 0, 4;
    %cmp/u;
    %jmp/1 T_8.10, 6;
    %dup/vec4;
    %pushi/vec4 5, 0, 4;
    %cmp/u;
    %jmp/1 T_8.11, 6;
    %dup/vec4;
    %pushi/vec4 10, 0, 4;
    %cmp/u;
    %jmp/1 T_8.12, 6;
    %jmp T_8.13;
T_8.6 ;
    %load/vec4 v0x567e87f65a50_0;
    %load/vec4 v0x567e87f65b30_0;
    %and;
    %assign/vec4 v0x567e87f11410_0, 0;
    %pushi/vec4 0, 0, 1;
    %assign/vec4 v0x567e87f2d410_0, 0;
    %jmp T_8.13;
T_8.7 ;
    %load/vec4 v0x567e87f65a50_0;
    %load/vec4 v0x567e87f65b30_0;
    %or;
    %assign/vec4 v0x567e87f11410_0, 0;
    %pushi/vec4 0, 0, 1;
    %assign/vec4 v0x567e87f2d410_0, 0;
    %jmp T_8.13;
T_8.8 ;
    %load/vec4 v0x567e87f65a50_0;
    %load/vec4 v0x567e87f65b30_0;
    %add;
    %assign/vec4 v0x567e87f11410_0, 0;
    %pushi/vec4 0, 0, 1;
    %assign/vec4 v0x567e87f2d410_0, 0;
    %jmp T_8.13;
T_8.9 ;
    %load/vec4 v0x567e87f65a50_0;
    %load/vec4 v0x567e87f65b30_0;
    %sub;
    %assign/vec4 v0x567e87f11410_0, 0;
    %pushi/vec4 0, 0, 1;
    %assign/vec4 v0x567e87f2d410_0, 0;
    %jmp T_8.13;
T_8.10 ;
    %load/vec4 v0x567e87f65a50_0;
    %load/vec4 v0x567e87f65b30_0;
    %xor;
    %assign/vec4 v0x567e87f11410_0, 0;
    %pushi/vec4 0, 0, 1;
    %assign/vec4 v0x567e87f2d410_0, 0;
    %jmp T_8.13;
T_8.11 ;
    %load/vec4 v0x567e87f65a50_0;
    %ix/getv 4, v0x567e87f65b30_0;
    %shiftr 4;
    %assign/vec4 v0x567e87f11410_0, 0;
    %pushi/vec4 0, 0, 1;
    %assign/vec4 v0x567e87f2d410_0, 0;
    %jmp T_8.13;
T_8.12 ;
    %load/vec4 v0x567e87f65a50_0;
    %ix/getv 4, v0x567e87f65b30_0;
    %shiftl 4;
    %assign/vec4 v0x567e87f11410_0, 0;
    %pushi/vec4 0, 0, 1;
    %assign/vec4 v0x567e87f2d410_0, 0;
    %jmp T_8.13;
T_8.13 ;
    %pop/vec4 1;
    %jmp T_8.5;
T_8.4 ;
    %load/vec4 v0x567e87f101a0_0;
    %dup/vec4;
    %pushi/vec4 2, 0, 4;
    %cmp/u;
    %jmp/1 T_8.14, 6;
    %dup/vec4;
    %pushi/vec4 3, 0, 4;
    %cmp/u;
    %jmp/1 T_8.15, 6;
    %dup/vec4;
    %pushi/vec4 6, 0, 4;
    %cmp/u;
    %jmp/1 T_8.16, 6;
    %dup/vec4;
    %pushi/vec4 15, 0, 4;
    %cmp/u;
    %jmp/1 T_8.17, 6;
    %dup/vec4;
    %pushi/vec4 9, 0, 4;
    %cmp/u;
    %jmp/1 T_8.18, 6;
    %dup/vec4;
    %pushi/vec4 10, 0, 4;
    %cmp/u;
    %jmp/1 T_8.19, 6;
    %dup/vec4;
    %pushi/vec4 12, 0, 4;
    %cmp/u;
    %jmp/1 T_8.20, 6;
    %jmp T_8.21;
T_8.14 ;
    %load/vec4 v0x567e87f65c10_0;
    %cmpi/e 1, 0, 1;
    %jmp/0xz  T_8.22, 4;
    %load/vec4 v0x567e87f65a50_0;
    %load/vec4 v0x567e87f65970_0;
    %pad/u 32;
    %pushi/vec4 4, 0, 32;
    %div;
    %sub;
    %assign/vec4 v0x567e87f11410_0, 0;
    %jmp T_8.23;
T_8.22 ;
    %load/vec4 v0x567e87f65a50_0;
    %load/vec4 v0x567e87f65970_0;
    %pad/u 32;
    %pushi/vec4 4, 0, 32;
    %div;
    %add;
    %assign/vec4 v0x567e87f11410_0, 0;
T_8.23 ;
    %pushi/vec4 0, 0, 1;
    %assign/vec4 v0x567e87f2d410_0, 0;
    %jmp T_8.21;
T_8.15 ;
    %load/vec4 v0x567e87f65c10_0;
    %cmpi/e 1, 0, 1;
    %jmp/0xz  T_8.24, 4;
    %load/vec4 v0x567e87f65a50_0;
    %load/vec4 v0x567e87f65970_0;
    %pad/u 32;
    %sub;
    %assign/vec4 v0x567e87f11410_0, 0;
    %jmp T_8.25;
T_8.24 ;
    %load/vec4 v0x567e87f65a50_0;
    %load/vec4 v0x567e87f65970_0;
    %pad/u 32;
    %add;
    %assign/vec4 v0x567e87f11410_0, 0;
T_8.25 ;
    %pushi/vec4 0, 0, 1;
    %assign/vec4 v0x567e87f2d410_0, 0;
    %jmp T_8.21;
T_8.16 ;
    %load/vec4 v0x567e87f65a50_0;
    %load/vec4 v0x567e87f65b30_0;
    %sub;
    %assign/vec4 v0x567e87f11410_0, 0;
    %load/vec4 v0x567e87f11410_0;
    %cmpi/e 0, 0, 32;
    %jmp/0xz  T_8.26, 4;
    %pushi/vec4 1, 0, 1;
    %assign/vec4 v0x567e87f2d410_0, 0;
T_8.26 ;
    %jmp T_8.21;
T_8.17 ;
    %load/vec4 v0x567e87f65a50_0;
    %load/vec4 v0x567e87f65b30_0;
    %cmp/ne;
    %jmp/0xz  T_8.28, 4;
    %pushi/vec4 1, 0, 1;
    %assign/vec4 v0x567e87f2d410_0, 0;
    %jmp T_8.29;
T_8.28 ;
    %pushi/vec4 0, 0, 1;
    %assign/vec4 v0x567e87f2d410_0, 0;
T_8.29 ;
    %jmp T_8.21;
T_8.18 ;
    %load/vec4 v0x567e87f65a50_0;
    %load/vec4 v0x567e87f65970_0;
    %pad/u 32;
    %or;
    %assign/vec4 v0x567e87f11410_0, 0;
    %pushi/vec4 0, 0, 1;
    %assign/vec4 v0x567e87f2d410_0, 0;
    %jmp T_8.21;
T_8.19 ;
    %load/vec4 v0x567e87f65a50_0;
    %ix/getv 4, v0x567e87f65970_0;
    %shiftl 4;
    %assign/vec4 v0x567e87f11410_0, 0;
    %pushi/vec4 0, 0, 1;
    %assign/vec4 v0x567e87f2d410_0, 0;
    %jmp T_8.21;
T_8.20 ;
    %load/vec4 v0x567e87f65c10_0;
    %cmpi/e 1, 0, 1;
    %jmp/0xz  T_8.30, 4;
    %load/vec4 v0x567e87f65a50_0;
    %load/vec4 v0x567e87f65970_0;
    %pad/u 32;
    %sub;
    %assign/vec4 v0x567e87f11410_0, 0;
    %jmp T_8.31;
T_8.30 ;
    %load/vec4 v0x567e87f65a50_0;
    %load/vec4 v0x567e87f65970_0;
    %pad/u 32;
    %add;
    %assign/vec4 v0x567e87f11410_0, 0;
T_8.31 ;
    %pushi/vec4 0, 0, 1;
    %assign/vec4 v0x567e87f2d410_0, 0;
    %jmp T_8.21;
T_8.21 ;
    %pop/vec4 1;
    %jmp T_8.5;
T_8.5 ;
    %pop/vec4 1;
T_8.0 ;
    %jmp T_8;
    .thread T_8;
    .scope S_0x567e87f67c00;
T_9 ;
    %wait E_0x567e87e9b9d0;
    %load/vec4 v0x567e87f682e0_0;
    %dup/vec4;
    %pushi/vec4 0, 0, 2;
    %cmp/u;
    %jmp/1 T_9.0, 6;
    %dup/vec4;
    %pushi/vec4 1, 0, 2;
    %cmp/u;
    %jmp/1 T_9.1, 6;
    %dup/vec4;
    %pushi/vec4 2, 0, 2;
    %cmp/u;
    %jmp/1 T_9.2, 6;
    %dup/vec4;
    %pushi/vec4 3, 0, 2;
    %cmp/u;
    %jmp/1 T_9.3, 6;
    %pushi/vec4 0, 0, 8;
    %store/vec4 v0x567e87f685c0_0, 0, 8;
    %jmp T_9.5;
T_9.0 ;
    %load/vec4 v0x567e87f683e0_0;
    %pad/u 7;
    %ix/vec4 4;
    %load/vec4a v0x567e87f6a8d0, 4;
    %parti/s 8, 0, 2;
    %store/vec4 v0x567e87f685c0_0, 0, 8;
    %jmp T_9.5;
T_9.1 ;
    %load/vec4 v0x567e87f683e0_0;
    %pad/u 7;
    %ix/vec4 4;
    %load/vec4a v0x567e87f6a8d0, 4;
    %parti/s 8, 8, 5;
    %store/vec4 v0x567e87f685c0_0, 0, 8;
    %jmp T_9.5;
T_9.2 ;
    %load/vec4 v0x567e87f683e0_0;
    %pad/u 7;
    %ix/vec4 4;
    %load/vec4a v0x567e87f6a8d0, 4;
    %parti/s 8, 16, 6;
    %store/vec4 v0x567e87f685c0_0, 0, 8;
    %jmp T_9.5;
T_9.3 ;
    %load/vec4 v0x567e87f683e0_0;
    %pad/u 7;
    %ix/vec4 4;
    %load/vec4a v0x567e87f6a8d0, 4;
    %parti/s 8, 24, 6;
    %store/vec4 v0x567e87f685c0_0, 0, 8;
    %jmp T_9.5;
T_9.5 ;
    %pop/vec4 1;
    %load/vec4 v0x567e87f685c0_0;
    %parti/s 1, 7, 4;
    %replicate 24;
    %load/vec4 v0x567e87f685c0_0;
    %concat/vec4; draw_concat_vec4
    %store/vec4 v0x567e87f68b50_0, 0, 32;
    %jmp T_9;
    .thread T_9, $push;
    .scope S_0x567e87f67c00;
T_10 ;
    %vpi_call 7 50 "$readmemb", "../Inputs/memory.bin", v0x567e87f6a8d0 {0 0 0};
    %pushi/vec4 170, 0, 32;
    %ix/load 4, 4, 0;
    %flag_set/imm 4, 0;
    %store/vec4a v0x567e87f6a8d0, 4, 0;
    %ix/load 4, 0, 0;
    %flag_set/imm 4, 0;
    %load/vec4a v0x567e87f6a8d0, 4;
    %store/vec4 v0x567e87f68cf0_0, 0, 32;
    %ix/load 4, 1, 0;
    %flag_set/imm 4, 0;
    %load/vec4a v0x567e87f6a8d0, 4;
    %store/vec4 v0x567e87f68db0_0, 0, 32;
    %ix/load 4, 2, 0;
    %flag_set/imm 4, 0;
    %load/vec4a v0x567e87f6a8d0, 4;
    %store/vec4 v0x567e87f69750_0, 0, 32;
    %ix/load 4, 3, 0;
    %flag_set/imm 4, 0;
    %load/vec4a v0x567e87f6a8d0, 4;
    %store/vec4 v0x567e87f6a0f0_0, 0, 32;
    %ix/load 4, 4, 0;
    %flag_set/imm 4, 0;
    %load/vec4a v0x567e87f6a8d0, 4;
    %store/vec4 v0x567e87f6a390_0, 0, 32;
    %ix/load 4, 5, 0;
    %flag_set/imm 4, 0;
    %load/vec4a v0x567e87f6a8d0, 4;
    %store/vec4 v0x567e87f6a470_0, 0, 32;
    %ix/load 4, 6, 0;
    %flag_set/imm 4, 0;
    %load/vec4a v0x567e87f6a8d0, 4;
    %store/vec4 v0x567e87f6a550_0, 0, 32;
    %ix/load 4, 7, 0;
    %flag_set/imm 4, 0;
    %load/vec4a v0x567e87f6a8d0, 4;
    %store/vec4 v0x567e87f6a630_0, 0, 32;
    %ix/load 4, 8, 0;
    %flag_set/imm 4, 0;
    %load/vec4a v0x567e87f6a8d0, 4;
    %store/vec4 v0x567e87f6a710_0, 0, 32;
    %ix/load 4, 9, 0;
    %flag_set/imm 4, 0;
    %load/vec4a v0x567e87f6a8d0, 4;
    %store/vec4 v0x567e87f6a7f0_0, 0, 32;
    %ix/load 4, 10, 0;
    %flag_set/imm 4, 0;
    %load/vec4a v0x567e87f6a8d0, 4;
    %store/vec4 v0x567e87f68e90_0, 0, 32;
    %ix/load 4, 11, 0;
    %flag_set/imm 4, 0;
    %load/vec4a v0x567e87f6a8d0, 4;
    %store/vec4 v0x567e87f68f70_0, 0, 32;
    %ix/load 4, 12, 0;
    %flag_set/imm 4, 0;
    %load/vec4a v0x567e87f6a8d0, 4;
    %store/vec4 v0x567e87f69050_0, 0, 32;
    %ix/load 4, 13, 0;
    %flag_set/imm 4, 0;
    %load/vec4a v0x567e87f6a8d0, 4;
    %store/vec4 v0x567e87f69130_0, 0, 32;
    %ix/load 4, 14, 0;
    %flag_set/imm 4, 0;
    %load/vec4a v0x567e87f6a8d0, 4;
    %store/vec4 v0x567e87f69210_0, 0, 32;
    %ix/load 4, 15, 0;
    %flag_set/imm 4, 0;
    %load/vec4a v0x567e87f6a8d0, 4;
    %store/vec4 v0x567e87f692f0_0, 0, 32;
    %ix/load 4, 16, 0;
    %flag_set/imm 4, 0;
    %load/vec4a v0x567e87f6a8d0, 4;
    %store/vec4 v0x567e87f693d0_0, 0, 32;
    %ix/load 4, 17, 0;
    %flag_set/imm 4, 0;
    %load/vec4a v0x567e87f6a8d0, 4;
    %store/vec4 v0x567e87f694b0_0, 0, 32;
    %ix/load 4, 18, 0;
    %flag_set/imm 4, 0;
    %load/vec4a v0x567e87f6a8d0, 4;
    %store/vec4 v0x567e87f69590_0, 0, 32;
    %ix/load 4, 19, 0;
    %flag_set/imm 4, 0;
    %load/vec4a v0x567e87f6a8d0, 4;
    %store/vec4 v0x567e87f69670_0, 0, 32;
    %ix/load 4, 20, 0;
    %flag_set/imm 4, 0;
    %load/vec4a v0x567e87f6a8d0, 4;
    %store/vec4 v0x567e87f69830_0, 0, 32;
    %ix/load 4, 21, 0;
    %flag_set/imm 4, 0;
    %load/vec4a v0x567e87f6a8d0, 4;
    %store/vec4 v0x567e87f69910_0, 0, 32;
    %ix/load 4, 22, 0;
    %flag_set/imm 4, 0;
    %load/vec4a v0x567e87f6a8d0, 4;
    %store/vec4 v0x567e87f699f0_0, 0, 32;
    %ix/load 4, 23, 0;
    %flag_set/imm 4, 0;
    %load/vec4a v0x567e87f6a8d0, 4;
    %store/vec4 v0x567e87f69ad0_0, 0, 32;
    %ix/load 4, 24, 0;
    %flag_set/imm 4, 0;
    %load/vec4a v0x567e87f6a8d0, 4;
    %store/vec4 v0x567e87f69bb0_0, 0, 32;
    %ix/load 4, 25, 0;
    %flag_set/imm 4, 0;
    %load/vec4a v0x567e87f6a8d0, 4;
    %store/vec4 v0x567e87f69c90_0, 0, 32;
    %ix/load 4, 26, 0;
    %flag_set/imm 4, 0;
    %load/vec4a v0x567e87f6a8d0, 4;
    %store/vec4 v0x567e87f69d70_0, 0, 32;
    %ix/load 4, 27, 0;
    %flag_set/imm 4, 0;
    %load/vec4a v0x567e87f6a8d0, 4;
    %store/vec4 v0x567e87f69e50_0, 0, 32;
    %ix/load 4, 28, 0;
    %flag_set/imm 4, 0;
    %load/vec4a v0x567e87f6a8d0, 4;
    %store/vec4 v0x567e87f69f30_0, 0, 32;
    %ix/load 4, 29, 0;
    %flag_set/imm 4, 0;
    %load/vec4a v0x567e87f6a8d0, 4;
    %store/vec4 v0x567e87f6a010_0, 0, 32;
    %ix/load 4, 30, 0;
    %flag_set/imm 4, 0;
    %load/vec4a v0x567e87f6a8d0, 4;
    %store/vec4 v0x567e87f6a1d0_0, 0, 32;
    %ix/load 4, 31, 0;
    %flag_set/imm 4, 0;
    %load/vec4a v0x567e87f6a8d0, 4;
    %store/vec4 v0x567e87f6a2b0_0, 0, 32;
    %end;
    .thread T_10;
    .scope S_0x567e87f67c00;
T_11 ;
    %wait E_0x567e87e9b3e0;
    %load/vec4 v0x567e87f68770_0;
    %cmpi/e 3, 0, 4;
    %jmp/1 T_11.3, 4;
    %flag_mov 8, 4;
    %load/vec4 v0x567e87f68770_0;
    %cmpi/e 6, 0, 4;
    %flag_or 4, 8;
T_11.3;
    %jmp/1 T_11.2, 4;
    %flag_mov 8, 4;
    %load/vec4 v0x567e87f68770_0;
    %cmpi/e 7, 0, 4;
    %flag_or 4, 8;
T_11.2;
    %jmp/0xz  T_11.0, 4;
    %load/vec4 v0x567e87f6ae30_0;
    %flag_set/vec4 8;
    %jmp/0xz  T_11.4, 8;
    %load/vec4 v0x567e87f68a00_0;
    %flag_set/vec4 8;
    %jmp/0xz  T_11.6, 8;
    %load/vec4 v0x567e87f682e0_0;
    %dup/vec4;
    %pushi/vec4 0, 0, 2;
    %cmp/u;
    %jmp/1 T_11.8, 6;
    %dup/vec4;
    %pushi/vec4 1, 0, 2;
    %cmp/u;
    %jmp/1 T_11.9, 6;
    %dup/vec4;
    %pushi/vec4 2, 0, 2;
    %cmp/u;
    %jmp/1 T_11.10, 6;
    %dup/vec4;
    %pushi/vec4 3, 0, 2;
    %cmp/u;
    %jmp/1 T_11.11, 6;
    %jmp T_11.12;
T_11.8 ;
    %load/vec4 v0x567e87f683e0_0;
    %pad/u 7;
    %ix/vec4 4;
    %load/vec4a v0x567e87f6a8d0, 4;
    %parti/s 24, 8, 5;
    %load/vec4 v0x567e87f68c30_0;
    %parti/s 8, 0, 2;
    %concat/vec4; draw_concat_vec4
    %load/vec4 v0x567e87f683e0_0;
    %pad/u 7;
    %ix/vec4 3;
    %ix/load 4, 0, 0; Constant delay
    %assign/vec4/a/d v0x567e87f6a8d0, 0, 4;
    %jmp T_11.12;
T_11.9 ;
    %load/vec4 v0x567e87f683e0_0;
    %pad/u 7;
    %ix/vec4 4;
    %load/vec4a v0x567e87f6a8d0, 4;
    %parti/s 16, 16, 6;
    %load/vec4 v0x567e87f68c30_0;
    %parti/s 8, 0, 2;
    %concat/vec4; draw_concat_vec4
    %load/vec4 v0x567e87f683e0_0;
    %pad/u 7;
    %ix/vec4 4;
    %load/vec4a v0x567e87f6a8d0, 4;
    %parti/s 8, 0, 2;
    %concat/vec4; draw_concat_vec4
    %load/vec4 v0x567e87f683e0_0;
    %pad/u 7;
    %ix/vec4 3;
    %ix/load 4, 0, 0; Constant delay
    %assign/vec4/a/d v0x567e87f6a8d0, 0, 4;
    %jmp T_11.12;
T_11.10 ;
    %load/vec4 v0x567e87f683e0_0;
    %pad/u 7;
    %ix/vec4 4;
    %load/vec4a v0x567e87f6a8d0, 4;
    %parti/s 8, 24, 6;
    %load/vec4 v0x567e87f68c30_0;
    %parti/s 8, 0, 2;
    %concat/vec4; draw_concat_vec4
    %load/vec4 v0x567e87f683e0_0;
    %pad/u 7;
    %ix/vec4 4;
    %load/vec4a v0x567e87f6a8d0, 4;
    %parti/s 16, 0, 2;
    %concat/vec4; draw_concat_vec4
    %load/vec4 v0x567e87f683e0_0;
    %pad/u 7;
    %ix/vec4 3;
    %ix/load 4, 0, 0; Constant delay
    %assign/vec4/a/d v0x567e87f6a8d0, 0, 4;
    %jmp T_11.12;
T_11.11 ;
    %load/vec4 v0x567e87f68c30_0;
    %parti/s 8, 0, 2;
    %load/vec4 v0x567e87f683e0_0;
    %pad/u 7;
    %ix/vec4 4;
    %load/vec4a v0x567e87f6a8d0, 4;
    %parti/s 24, 0, 2;
    %concat/vec4; draw_concat_vec4
    %load/vec4 v0x567e87f683e0_0;
    %pad/u 7;
    %ix/vec4 3;
    %ix/load 4, 0, 0; Constant delay
    %assign/vec4/a/d v0x567e87f6a8d0, 0, 4;
    %jmp T_11.12;
T_11.12 ;
    %pop/vec4 1;
    %jmp T_11.7;
T_11.6 ;
    %load/vec4 v0x567e87f68c30_0;
    %load/vec4 v0x567e87f683e0_0;
    %pad/u 7;
    %ix/vec4 3;
    %ix/load 4, 0, 0; Constant delay
    %assign/vec4/a/d v0x567e87f6a8d0, 0, 4;
T_11.7 ;
T_11.4 ;
    %load/vec4 v0x567e87f6ad90_0;
    %flag_set/vec4 8;
    %jmp/0xz  T_11.13, 8;
    %load/vec4 v0x567e87f68940_0;
    %flag_set/vec4 8;
    %jmp/0xz  T_11.15, 8;
    %load/vec4 v0x567e87f68b50_0;
    %assign/vec4 v0x567e87f6af00_0, 0;
    %jmp T_11.16;
T_11.15 ;
    %load/vec4 v0x567e87f683e0_0;
    %pad/u 7;
    %ix/vec4 4;
    %load/vec4a v0x567e87f6a8d0, 4;
    %assign/vec4 v0x567e87f6af00_0, 0;
T_11.16 ;
    %jmp T_11.14;
T_11.13 ;
    %pushi/vec4 0, 0, 32;
    %assign/vec4 v0x567e87f6af00_0, 0;
T_11.14 ;
    %load/vec4 v0x567e87f684c0_0;
    %assign/vec4 v0x567e87f6afa0_0, 0;
    %ix/load 4, 0, 0;
    %flag_set/imm 4, 0;
    %load/vec4a v0x567e87f6a8d0, 4;
    %assign/vec4 v0x567e87f68cf0_0, 0;
    %ix/load 4, 1, 0;
    %flag_set/imm 4, 0;
    %load/vec4a v0x567e87f6a8d0, 4;
    %assign/vec4 v0x567e87f68db0_0, 0;
    %ix/load 4, 2, 0;
    %flag_set/imm 4, 0;
    %load/vec4a v0x567e87f6a8d0, 4;
    %assign/vec4 v0x567e87f69750_0, 0;
    %ix/load 4, 3, 0;
    %flag_set/imm 4, 0;
    %load/vec4a v0x567e87f6a8d0, 4;
    %assign/vec4 v0x567e87f6a0f0_0, 0;
    %ix/load 4, 4, 0;
    %flag_set/imm 4, 0;
    %load/vec4a v0x567e87f6a8d0, 4;
    %assign/vec4 v0x567e87f6a390_0, 0;
    %ix/load 4, 5, 0;
    %flag_set/imm 4, 0;
    %load/vec4a v0x567e87f6a8d0, 4;
    %assign/vec4 v0x567e87f6a470_0, 0;
    %ix/load 4, 6, 0;
    %flag_set/imm 4, 0;
    %load/vec4a v0x567e87f6a8d0, 4;
    %assign/vec4 v0x567e87f6a550_0, 0;
    %ix/load 4, 7, 0;
    %flag_set/imm 4, 0;
    %load/vec4a v0x567e87f6a8d0, 4;
    %assign/vec4 v0x567e87f6a630_0, 0;
    %ix/load 4, 8, 0;
    %flag_set/imm 4, 0;
    %load/vec4a v0x567e87f6a8d0, 4;
    %assign/vec4 v0x567e87f6a710_0, 0;
    %ix/load 4, 9, 0;
    %flag_set/imm 4, 0;
    %load/vec4a v0x567e87f6a8d0, 4;
    %assign/vec4 v0x567e87f6a7f0_0, 0;
    %ix/load 4, 10, 0;
    %flag_set/imm 4, 0;
    %load/vec4a v0x567e87f6a8d0, 4;
    %assign/vec4 v0x567e87f68e90_0, 0;
    %ix/load 4, 11, 0;
    %flag_set/imm 4, 0;
    %load/vec4a v0x567e87f6a8d0, 4;
    %assign/vec4 v0x567e87f68f70_0, 0;
    %ix/load 4, 12, 0;
    %flag_set/imm 4, 0;
    %load/vec4a v0x567e87f6a8d0, 4;
    %assign/vec4 v0x567e87f69050_0, 0;
    %ix/load 4, 13, 0;
    %flag_set/imm 4, 0;
    %load/vec4a v0x567e87f6a8d0, 4;
    %assign/vec4 v0x567e87f69130_0, 0;
    %ix/load 4, 14, 0;
    %flag_set/imm 4, 0;
    %load/vec4a v0x567e87f6a8d0, 4;
    %assign/vec4 v0x567e87f69210_0, 0;
    %ix/load 4, 15, 0;
    %flag_set/imm 4, 0;
    %load/vec4a v0x567e87f6a8d0, 4;
    %assign/vec4 v0x567e87f692f0_0, 0;
    %ix/load 4, 16, 0;
    %flag_set/imm 4, 0;
    %load/vec4a v0x567e87f6a8d0, 4;
    %assign/vec4 v0x567e87f693d0_0, 0;
    %ix/load 4, 17, 0;
    %flag_set/imm 4, 0;
    %load/vec4a v0x567e87f6a8d0, 4;
    %assign/vec4 v0x567e87f694b0_0, 0;
    %ix/load 4, 18, 0;
    %flag_set/imm 4, 0;
    %load/vec4a v0x567e87f6a8d0, 4;
    %assign/vec4 v0x567e87f69590_0, 0;
    %ix/load 4, 19, 0;
    %flag_set/imm 4, 0;
    %load/vec4a v0x567e87f6a8d0, 4;
    %assign/vec4 v0x567e87f69670_0, 0;
    %ix/load 4, 20, 0;
    %flag_set/imm 4, 0;
    %load/vec4a v0x567e87f6a8d0, 4;
    %assign/vec4 v0x567e87f69830_0, 0;
    %ix/load 4, 21, 0;
    %flag_set/imm 4, 0;
    %load/vec4a v0x567e87f6a8d0, 4;
    %assign/vec4 v0x567e87f69910_0, 0;
    %ix/load 4, 22, 0;
    %flag_set/imm 4, 0;
    %load/vec4a v0x567e87f6a8d0, 4;
    %assign/vec4 v0x567e87f699f0_0, 0;
    %ix/load 4, 23, 0;
    %flag_set/imm 4, 0;
    %load/vec4a v0x567e87f6a8d0, 4;
    %assign/vec4 v0x567e87f69ad0_0, 0;
    %ix/load 4, 24, 0;
    %flag_set/imm 4, 0;
    %load/vec4a v0x567e87f6a8d0, 4;
    %assign/vec4 v0x567e87f69bb0_0, 0;
    %ix/load 4, 25, 0;
    %flag_set/imm 4, 0;
    %load/vec4a v0x567e87f6a8d0, 4;
    %assign/vec4 v0x567e87f69c90_0, 0;
    %ix/load 4, 26, 0;
    %flag_set/imm 4, 0;
    %load/vec4a v0x567e87f6a8d0, 4;
    %assign/vec4 v0x567e87f69d70_0, 0;
    %ix/load 4, 27, 0;
    %flag_set/imm 4, 0;
    %load/vec4a v0x567e87f6a8d0, 4;
    %assign/vec4 v0x567e87f69e50_0, 0;
    %ix/load 4, 28, 0;
    %flag_set/imm 4, 0;
    %load/vec4a v0x567e87f6a8d0, 4;
    %assign/vec4 v0x567e87f69f30_0, 0;
    %ix/load 4, 29, 0;
    %flag_set/imm 4, 0;
    %load/vec4a v0x567e87f6a8d0, 4;
    %assign/vec4 v0x567e87f6a010_0, 0;
    %ix/load 4, 30, 0;
    %flag_set/imm 4, 0;
    %load/vec4a v0x567e87f6a8d0, 4;
    %assign/vec4 v0x567e87f6a1d0_0, 0;
    %ix/load 4, 31, 0;
    %flag_set/imm 4, 0;
    %load/vec4a v0x567e87f6a8d0, 4;
    %assign/vec4 v0x567e87f6a2b0_0, 0;
T_11.0 ;
    %jmp T_11;
    .thread T_11;
    .scope S_0x567e87f6fad0;
T_12 ;
    %wait E_0x567e87f50ba0;
    %pushi/vec4 0, 0, 1;
    %store/vec4 v0x567e87f70060_0, 0, 1;
    %pushi/vec4 0, 0, 1;
    %store/vec4 v0x567e87f70150_0, 0, 1;
    %pushi/vec4 0, 0, 1;
    %store/vec4 v0x567e87f70330_0, 0, 1;
    %pushi/vec4 0, 0, 1;
    %store/vec4 v0x567e87f6fed0_0, 0, 1;
    %pushi/vec4 0, 0, 1;
    %store/vec4 v0x567e87f6ff90_0, 0, 1;
    %load/vec4 v0x567e87f70290_0;
    %dup/vec4;
    %pushi/vec4 3, 0, 7;
    %cmp/u;
    %jmp/1 T_12.0, 6;
    %dup/vec4;
    %pushi/vec4 35, 0, 7;
    %cmp/u;
    %jmp/1 T_12.1, 6;
    %pushi/vec4 0, 0, 1;
    %store/vec4 v0x567e87f70060_0, 0, 1;
    %pushi/vec4 0, 0, 1;
    %store/vec4 v0x567e87f70150_0, 0, 1;
    %pushi/vec4 0, 0, 1;
    %store/vec4 v0x567e87f70330_0, 0, 1;
    %pushi/vec4 0, 0, 1;
    %store/vec4 v0x567e87f6fed0_0, 0, 1;
    %pushi/vec4 0, 0, 1;
    %store/vec4 v0x567e87f6ff90_0, 0, 1;
    %jmp T_12.3;
T_12.0 ;
    %pushi/vec4 1, 0, 1;
    %store/vec4 v0x567e87f70060_0, 0, 1;
    %pushi/vec4 1, 0, 1;
    %store/vec4 v0x567e87f70330_0, 0, 1;
    %load/vec4 v0x567e87f6fda0_0;
    %cmpi/e 0, 0, 3;
    %jmp/0xz  T_12.4, 4;
    %pushi/vec4 1, 0, 1;
    %store/vec4 v0x567e87f6fed0_0, 0, 1;
T_12.4 ;
    %jmp T_12.3;
T_12.1 ;
    %pushi/vec4 1, 0, 1;
    %store/vec4 v0x567e87f70150_0, 0, 1;
    %load/vec4 v0x567e87f6fda0_0;
    %cmpi/e 0, 0, 3;
    %jmp/0xz  T_12.6, 4;
    %pushi/vec4 1, 0, 1;
    %store/vec4 v0x567e87f6ff90_0, 0, 1;
T_12.6 ;
    %jmp T_12.3;
T_12.3 ;
    %pop/vec4 1;
    %jmp T_12;
    .thread T_12, $push;
    .scope S_0x567e87ec3350;
T_13 ;
    %pushi/vec4 0, 0, 4;
    %assign/vec4 v0x567e87f70b30_0, 0;
    %end;
    .thread T_13;
    .scope S_0x567e87ec3350;
T_14 ;
    %wait E_0x567e87e9aa70;
    %load/vec4 v0x567e87f754b0_0;
    %cmpi/e 1, 0, 1;
    %jmp/0xz  T_14.0, 4;
    %pushi/vec4 0, 0, 4;
    %assign/vec4 v0x567e87f70b30_0, 0;
    %jmp T_14.1;
T_14.0 ;
    %load/vec4 v0x567e87f70b30_0;
    %dup/vec4;
    %pushi/vec4 0, 0, 4;
    %cmp/u;
    %jmp/1 T_14.2, 6;
    %dup/vec4;
    %pushi/vec4 1, 0, 4;
    %cmp/u;
    %jmp/1 T_14.3, 6;
    %dup/vec4;
    %pushi/vec4 2, 0, 4;
    %cmp/u;
    %jmp/1 T_14.4, 6;
    %dup/vec4;
    %pushi/vec4 5, 0, 4;
    %cmp/u;
    %jmp/1 T_14.5, 6;
    %dup/vec4;
    %pushi/vec4 15, 0, 4;
    %cmp/u;
    %jmp/1 T_14.6, 6;
    %dup/vec4;
    %pushi/vec4 3, 0, 4;
    %cmp/u;
    %jmp/1 T_14.7, 6;
    %dup/vec4;
    %pushi/vec4 4, 0, 4;
    %cmp/u;
    %jmp/1 T_14.8, 6;
    %dup/vec4;
    %pushi/vec4 6, 0, 4;
    %cmp/u;
    %jmp/1 T_14.9, 6;
    %dup/vec4;
    %pushi/vec4 7, 0, 4;
    %cmp/u;
    %jmp/1 T_14.10, 6;
    %dup/vec4;
    %pushi/vec4 8, 0, 4;
    %cmp/u;
    %jmp/1 T_14.11, 6;
    %dup/vec4;
    %pushi/vec4 9, 0, 4;
    %cmp/u;
    %jmp/1 T_14.12, 6;
    %jmp T_14.13;
T_14.2 ;
    %pushi/vec4 1, 0, 4;
    %assign/vec4 v0x567e87f70b30_0, 0;
    %jmp T_14.13;
T_14.3 ;
    %load/vec4 v0x567e87f70ea0_0;
    %cmpi/ne 0, 0, 32;
    %jmp/0xz  T_14.14, 4;
    %pushi/vec4 2, 0, 4;
    %assign/vec4 v0x567e87f70b30_0, 0;
    %jmp T_14.15;
T_14.14 ;
    %pushi/vec4 9, 0, 4;
    %assign/vec4 v0x567e87f70b30_0, 0;
T_14.15 ;
    %jmp T_14.13;
T_14.4 ;
    %pushi/vec4 5, 0, 4;
    %assign/vec4 v0x567e87f70b30_0, 0;
    %jmp T_14.13;
T_14.5 ;
    %pushi/vec4 15, 0, 4;
    %assign/vec4 v0x567e87f70b30_0, 0;
    %jmp T_14.13;
T_14.6 ;
    %pushi/vec4 3, 0, 4;
    %assign/vec4 v0x567e87f70b30_0, 0;
    %jmp T_14.13;
T_14.7 ;
    %pushi/vec4 4, 0, 4;
    %assign/vec4 v0x567e87f70b30_0, 0;
    %jmp T_14.13;
T_14.8 ;
    %pushi/vec4 6, 0, 4;
    %assign/vec4 v0x567e87f70b30_0, 0;
    %jmp T_14.13;
T_14.9 ;
    %pushi/vec4 7, 0, 4;
    %assign/vec4 v0x567e87f70b30_0, 0;
    %jmp T_14.13;
T_14.10 ;
    %pushi/vec4 8, 0, 4;
    %assign/vec4 v0x567e87f70b30_0, 0;
    %jmp T_14.13;
T_14.11 ;
    %pushi/vec4 0, 0, 4;
    %assign/vec4 v0x567e87f70b30_0, 0;
    %jmp T_14.13;
T_14.12 ;
    %load/vec4 v0x567e87f754b0_0;
    %cmpi/e 0, 0, 1;
    %jmp/0xz  T_14.16, 4;
    %pushi/vec4 0, 0, 4;
    %assign/vec4 v0x567e87f70b30_0, 0;
T_14.16 ;
    %jmp T_14.13;
T_14.13 ;
    %pop/vec4 1;
T_14.1 ;
    %jmp T_14;
    .thread T_14;
    .scope S_0x567e87ec31c0;
T_15 ;
    %vpi_call 2 26 "$dumpfile", "testbench.vcd" {0 0 0};
    %vpi_call 2 27 "$dumpvars", 32'sb00000000000000000000000000000000, S_0x567e87ec31c0 {0 0 0};
    %vpi_call 2 28 "$display", "\012Resultados Finais" {0 0 0};
    %pushi/vec4 0, 0, 1;
    %store/vec4 v0x567e87f7a920_0, 0, 1;
    %delay 1000, 0;
    %pushi/vec4 1, 0, 1;
    %store/vec4 v0x567e87f7a920_0, 0, 1;
    %delay 1, 0;
    %vpi_call 2 66 "$display", "--------------Registradores--------------" {0 0 0};
    %vpi_call 2 67 "$display", "Registrador [0] =  %d", v0x567e87f78380_0 {0 0 0};
    %vpi_call 2 68 "$display", "Registrador [1] =  %d", v0x567e87f78490_0 {0 0 0};
    %vpi_call 2 69 "$display", "Registrador [2] =  %d", v0x567e87f79040_0 {0 0 0};
    %vpi_call 2 70 "$display", "Registrador [3] =  %d", v0x567e87f79bf0_0 {0 0 0};
    %vpi_call 2 71 "$display", "Registrador [4] =  %d", v0x567e87f79f20_0 {0 0 0};
    %vpi_call 2 72 "$display", "Registrador [5] =  %d", v0x567e87f7a030_0 {0 0 0};
    %vpi_call 2 73 "$display", "Registrador [6] =  %d", v0x567e87f7a140_0 {0 0 0};
    %vpi_call 2 74 "$display", "Registrador [7] =  %d", v0x567e87f7a250_0 {0 0 0};
    %vpi_call 2 75 "$display", "Registrador [8] =  %d", v0x567e87f7a360_0 {0 0 0};
    %vpi_call 2 76 "$display", "Registrador [9] =  %d", v0x567e87f7a470_0 {0 0 0};
    %vpi_call 2 77 "$display", "Registrador [10] = %d", v0x567e87f785a0_0 {0 0 0};
    %vpi_call 2 78 "$display", "Registrador [11] = %d", v0x567e87f786b0_0 {0 0 0};
    %vpi_call 2 79 "$display", "Registrador [12] = %d", v0x567e87f787c0_0 {0 0 0};
    %vpi_call 2 80 "$display", "Registrador [13] = %d", v0x567e87f788d0_0 {0 0 0};
    %vpi_call 2 81 "$display", "Registrador [14] = %d", v0x567e87f789e0_0 {0 0 0};
    %vpi_call 2 82 "$display", "Registrador [15] = %d", v0x567e87f78af0_0 {0 0 0};
    %vpi_call 2 83 "$display", "Registrador [16] = %d", v0x567e87f78c00_0 {0 0 0};
    %vpi_call 2 84 "$display", "Registrador [17] = %d", v0x567e87f78d10_0 {0 0 0};
    %vpi_call 2 85 "$display", "Registrador [18] = %d", v0x567e87f78e20_0 {0 0 0};
    %vpi_call 2 86 "$display", "Registrador [19] = %d", v0x567e87f78f30_0 {0 0 0};
    %vpi_call 2 87 "$display", "Registrador [20] = %d", v0x567e87f79150_0 {0 0 0};
    %vpi_call 2 88 "$display", "Registrador [21] = %d", v0x567e87f79260_0 {0 0 0};
    %vpi_call 2 89 "$display", "Registrador [22] = %d", v0x567e87f79370_0 {0 0 0};
    %vpi_call 2 90 "$display", "Registrador [23] = %d", v0x567e87f79480_0 {0 0 0};
    %vpi_call 2 91 "$display", "Registrador [24] = %d", v0x567e87f79590_0 {0 0 0};
    %vpi_call 2 92 "$display", "Registrador [25] = %d", v0x567e87f796a0_0 {0 0 0};
    %vpi_call 2 93 "$display", "Registrador [26] = %d", v0x567e87f797b0_0 {0 0 0};
    %vpi_call 2 94 "$display", "Registrador [27] = %d", v0x567e87f798c0_0 {0 0 0};
    %vpi_call 2 95 "$display", "Registrador [28] = %d", v0x567e87f799d0_0 {0 0 0};
    %vpi_call 2 96 "$display", "Registrador [29] = %d", v0x567e87f79ae0_0 {0 0 0};
    %vpi_call 2 97 "$display", "Registrador [30] = %d", v0x567e87f79d00_0 {0 0 0};
    %vpi_call 2 98 "$display", "Registrador [31] = %d", v0x567e87f79e10_0 {0 0 0};
    %vpi_call 2 99 "$finish" {0 0 0};
    %end;
    .thread T_15;
    .scope S_0x567e87ec31c0;
T_16 ;
    %pushi/vec4 0, 0, 1;
    %store/vec4 v0x567e87f75fd0_0, 0, 1;
    %end;
    .thread T_16;
    .scope S_0x567e87ec31c0;
T_17 ;
    %delay 1, 0;
    %load/vec4 v0x567e87f75fd0_0;
    %inv;
    %store/vec4 v0x567e87f75fd0_0, 0, 1;
    %jmp T_17;
    .thread T_17;
# The file index is used to find the file name in the following table.
:file_names 12;
    "N/A";
    "<interactive>";
    "TestBench.v";
    "./Main.v";
    "./../Modules/Alu.v";
    "./../Modules/Control_signis.v";
    "./../Modules/Decoding.v";
    "./../Modules/Memory.v";
    "./../Modules/Read_instructions.v";
    "./../Modules/Registrars.v";
    "./../Modules/SomaPC.v";
    "./../Modules/ControlUnit.v";
